Base path: 'C:/Program Files/Unity/Hub/Editor/2022.3.0f1/Editor/Data', plugins path 'C:/Program Files/Unity/Hub/Editor/2022.3.0f1/Editor/Data/PlaybackEngines'
Cmd: initializeCompiler

Cmd: compileSnippet
  insize=10459 file=Assets/Shaders/Vol 1/SDF/FX/Shader Graphs/MistWispShader pass=ShadowCaster ppOnly=0 stripLineD=0 buildPlatform=19 rsLen=0 pKW=UNITY_ENABLE_REFLECTION_BUFFERS UNITY_USE_DITHER_MASK_FOR_ALPHABLENDED_SHADOWS UNITY_PBS_USE_BRDF1 UNITY_SPECCUBE_BOX_PROJECTION UNITY_SPECCUBE_BLENDING UNITY_ENABLE_DETAIL_NORMALMAP SHADER_API_DESKTOP UNITY_LIGHT_PROBE_PROXY_VOLUME UNITY_LIGHTMAP_FULL_HDR UNITY_PASS_SHADOWCASTER uKW= dKW=DOTS_INSTANCING_ON INSTANCING_ON UNITY_NO_DXT5nm UNITY_FRAMEBUFFER_FETCH_AVAILABLE UNITY_METAL_SHADOWS_USE_POINT_FILTERING UNITY_NO_SCREENSPACE_SHADOWS UNITY_PBS_USE_BRDF2 UNITY_PBS_USE_BRDF3 UNITY_NO_FULL_STANDARD_SHADER UNITY_HARDWARE_TIER1 UNITY_HARDWARE_TIER2 UNITY_HARDWARE_TIER3 UNITY_COLORSPACE_GAMMA UNITY_HALF_PRECISION_FRAGMENT_SHADER_REGISTERS UNITY_LIGHTMAP_DLDR_ENCODING UNITY_LIGHTMAP_RGBM_ENCODING UNITY_VIRTUAL_TEXTURING UNITY_PRETRANSFORM_TO_DISPLAY_ORIENTATION UNITY_ASTC_NORMALMAP_ENCODING SHADER_API_GLES30 UNITY_UNIFIED_SHADER_PRECISION_MODEL flags=0 lang=3 type=Fragment platform=d3d11 reqs=1 mask=6 start=713  error: 1 plat 4 at 1/SDF/FX/Noise.cginc(79): implicit truncation of vector type
  error: 1 plat 4 at 1/SDF/FX/SDFLighting.hlsl(143): implicit truncation of vector type
  error: 1 plat 4 at 1/SDF/FX/SDFLighting.hlsl(144): implicit truncation of vector type
  error: 1 plat 4 at 1/SDF/FX/SDFLighting.hlsl(178): 'sdOrientedVesica': implicit truncation of vector type
  error: 1 plat 4 at 1/SDF/FX/SDFLighting.hlsl(246): implicit truncation of vector type
  error: 1 plat 4 at 1/SDF/FX/SDFLighting.hlsl(255): implicit truncation of vector type
  error: 1 plat 4 at 1/SDF/FX/SDFLighting.hlsl(329): implicit truncation of vector type
  error: 1 plat 4 at 1/SDF/FX/SDFLighting.hlsl(366): 'UnityTexture3D::SampleLevel': implicit truncation of vector type
  error: 1 plat 4 at 1/SDF/FX/SDFLighting.hlsl(414): 'UnityTexture3D::SampleLevel': implicit truncation of vector type
  error: 1 plat 4 at 1/SDF/FX/SDFLighting.hlsl(422): 'UnityTexture3D::SampleLevel': implicit truncation of vector type
  error: 1 plat 4 at 1/SDF/FX/SDFLighting.hlsl(454): implicit truncation of vector type
  error: 1 plat 4 at 1/SDF/FX/SDFLighting.hlsl(462): implicit truncation of vector type
  error: 1 plat 4 at 1/SDF/FX/SDFLighting.hlsl(496): 'UnityTexture3D::SampleLevel': implicit truncation of vector type
  error: 1 plat 4 at 1/SDF/FX/SDFLighting.hlsl(504): 'UnityTexture3D::SampleLevel': implicit truncation of vector type
 ok=1 outsize=306

Cmd: compileSnippet
  insize=22914 file=Assets/Shaders/Vol 1/SDF/FX/Shader Graphs/BeamLightShader pass=Universal Forward ppOnly=0 stripLineD=0 buildPlatform=19 rsLen=0 pKW=UNITY_ENABLE_REFLECTION_BUFFERS UNITY_USE_DITHER_MASK_FOR_ALPHABLENDED_SHADOWS UNITY_PBS_USE_BRDF1 UNITY_SPECCUBE_BOX_PROJECTION UNITY_SPECCUBE_BLENDING UNITY_ENABLE_DETAIL_NORMALMAP SHADER_API_DESKTOP UNITY_LIGHT_PROBE_PROXY_VOLUME UNITY_LIGHTMAP_FULL_HDR uKW=_AXIS_Y _SCREEN_SPACE_OCCLUSION dKW=_DBUFFER_MRT1 _DBUFFER_MRT2 _DBUFFER_MRT3 DEBUG_DISPLAY _WRITE_RENDERING_LAYERS LIGHTMAP_ON DIRLIGHTMAP_COMBINED _SAMPLE_GI DOTS_INSTANCING_ON INSTANCING_ON FOG_LINEAR FOG_EXP FOG_EXP2 _AXIS_X _AXIS_Z UNITY_NO_DXT5nm UNITY_FRAMEBUFFER_FETCH_AVAILABLE UNITY_METAL_SHADOWS_USE_POINT_FILTERING UNITY_NO_SCREENSPACE_SHADOWS UNITY_PBS_USE_BRDF2 UNITY_PBS_USE_BRDF3 UNITY_NO_FULL_STANDARD_SHADER UNITY_HARDWARE_TIER1 UNITY_HARDWARE_TIER2 UNITY_HARDWARE_TIER3 UNITY_COLORSPACE_GAMMA UNITY_HALF_PRECISION_FRAGMENT_SHADER_REGISTERS UNITY_LIGHTMAP_DLDR_ENCODING UNITY_LIGHTMAP_RGBM_ENCODING UNITY_VIRTUAL_TEXTURING UNITY_PRETRANSFORM_TO_DISPLAY_ORIENTATION UNITY_ASTC_NORMALMAP_ENCODING SHADER_API_GLES30 UNITY_UNIFIED_SHADER_PRECISION_MODEL flags=0 lang=3 type=Fragment platform=d3d11 reqs=1 mask=6 start=48  error: 1 plat 4 at 1/SDF/FX/Noise.cginc(79): implicit truncation of vector type
  error: 1 plat 4 at 1/SDF/FX/SDFLighting.hlsl(143): implicit truncation of vector type
  error: 1 plat 4 at 1/SDF/FX/SDFLighting.hlsl(144): implicit truncation of vector type
  error: 1 plat 4 at 1/SDF/FX/SDFLighting.hlsl(178): 'sdOrientedVesica': implicit truncation of vector type
  error: 1 plat 4 at 1/SDF/FX/SDFLighting.hlsl(246): implicit truncation of vector type
  error: 1 plat 4 at 1/SDF/FX/SDFLighting.hlsl(255): implicit truncation of vector type
  error: 1 plat 4 at 1/SDF/FX/SDFLighting.hlsl(329): implicit truncation of vector type
  error: 1 plat 4 at 1/SDF/FX/SDFLighting.hlsl(366): 'UnityTexture3D::SampleLevel': implicit truncation of vector type
  error: 1 plat 4 at 1/SDF/FX/SDFLighting.hlsl(414): 'UnityTexture3D::SampleLevel': implicit truncation of vector type
  error: 1 plat 4 at 1/SDF/FX/SDFLighting.hlsl(422): 'UnityTexture3D::SampleLevel': implicit truncation of vector type
  error: 1 plat 4 at 1/SDF/FX/SDFLighting.hlsl(454): implicit truncation of vector type
  error: 1 plat 4 at 1/SDF/FX/SDFLighting.hlsl(462): implicit truncation of vector type
  error: 1 plat 4 at 1/SDF/FX/SDFLighting.hlsl(496): 'UnityTexture3D::SampleLevel': implicit truncation of vector type
  error: 1 plat 4 at 1/SDF/FX/SDFLighting.hlsl(504): 'UnityTexture3D::SampleLevel': implicit truncation of vector type
 ok=1 outsize=3190

Cmd: compileSnippet
  insize=8459 file=Assets/Shaders/Vol 1/SDF/FX/Shader Graphs/Bath pass=SceneSelectionPass ppOnly=0 stripLineD=0 buildPlatform=19 rsLen=0 pKW=UNITY_ENABLE_REFLECTION_BUFFERS UNITY_USE_DITHER_MASK_FOR_ALPHABLENDED_SHADOWS UNITY_PBS_USE_BRDF1 UNITY_SPECCUBE_BOX_PROJECTION UNITY_SPECCUBE_BLENDING UNITY_ENABLE_DETAIL_NORMALMAP SHADER_API_DESKTOP UNITY_LIGHT_PROBE_PROXY_VOLUME UNITY_LIGHTMAP_FULL_HDR uKW= dKW=UNITY_NO_DXT5nm UNITY_FRAMEBUFFER_FETCH_AVAILABLE UNITY_METAL_SHADOWS_USE_POINT_FILTERING UNITY_NO_SCREENSPACE_SHADOWS UNITY_PBS_USE_BRDF2 UNITY_PBS_USE_BRDF3 UNITY_NO_FULL_STANDARD_SHADER UNITY_HARDWARE_TIER1 UNITY_HARDWARE_TIER2 UNITY_HARDWARE_TIER3 UNITY_COLORSPACE_GAMMA UNITY_HALF_PRECISION_FRAGMENT_SHADER_REGISTERS UNITY_LIGHTMAP_DLDR_ENCODING UNITY_LIGHTMAP_RGBM_ENCODING UNITY_VIRTUAL_TEXTURING UNITY_PRETRANSFORM_TO_DISPLAY_ORIENTATION UNITY_ASTC_NORMALMAP_ENCODING SHADER_API_GLES30 UNITY_UNIFIED_SHADER_PRECISION_MODEL flags=0 lang=3 type=Vertex platform=d3d11 reqs=1 mask=6 start=1926 ok=1 outsize=622


Cmd: compileSnippet
  insize=10459 file=Assets/Shaders/Vol 1/SDF/FX/Shader Graphs/MistWispShader pass=ShadowCaster ppOnly=0 stripLineD=0 buildPlatform=19 rsLen=0 pKW=UNITY_ENABLE_REFLECTION_BUFFERS UNITY_USE_DITHER_MASK_FOR_ALPHABLENDED_SHADOWS UNITY_PBS_USE_BRDF1 UNITY_SPECCUBE_BOX_PROJECTION UNITY_SPECCUBE_BLENDING UNITY_ENABLE_DETAIL_NORMALMAP SHADER_API_DESKTOP UNITY_LIGHT_PROBE_PROXY_VOLUME UNITY_LIGHTMAP_FULL_HDR UNITY_PASS_SHADOWCASTER uKW= dKW=_CASTING_PUNCTUAL_LIGHT_SHADOW DOTS_INSTANCING_ON INSTANCING_ON UNITY_NO_DXT5nm UNITY_FRAMEBUFFER_FETCH_AVAILABLE UNITY_METAL_SHADOWS_USE_POINT_FILTERING UNITY_NO_SCREENSPACE_SHADOWS UNITY_PBS_USE_BRDF2 UNITY_PBS_USE_BRDF3 UNITY_NO_FULL_STANDARD_SHADER UNITY_HARDWARE_TIER1 UNITY_HARDWARE_TIER2 UNITY_HARDWARE_TIER3 UNITY_COLORSPACE_GAMMA UNITY_HALF_PRECISION_FRAGMENT_SHADER_REGISTERS UNITY_LIGHTMAP_DLDR_ENCODING UNITY_LIGHTMAP_RGBM_ENCODING UNITY_VIRTUAL_TEXTURING UNITY_PRETRANSFORM_TO_DISPLAY_ORIENTATION UNITY_ASTC_NORMALMAP_ENCODING SHADER_API_GLES30 UNITY_UNIFIED_SHADER_PRECISION_MODEL flags=0 lang=3 type=Vertex platform=d3d11 reqs=1 mask=6 start=713  error: 1 plat 4 at 1/SDF/FX/Noise.cginc(79): implicit truncation of vector type
  error: 1 plat 4 at 1/SDF/FX/SDFLighting.hlsl(143): implicit truncation of vector type
  error: 1 plat 4 at 1/SDF/FX/SDFLighting.hlsl(144): implicit truncation of vector type
  error: 1 plat 4 at 1/SDF/FX/SDFLighting.hlsl(178): 'sdOrientedVesica': implicit truncation of vector type
  error: 1 plat 4 at 1/SDF/FX/SDFLighting.hlsl(246): implicit truncation of vector type
  error: 1 plat 4 at 1/SDF/FX/SDFLighting.hlsl(255): implicit truncation of vector type
  error: 1 plat 4 at 1/SDF/FX/SDFLighting.hlsl(329): implicit truncation of vector type
  error: 1 plat 4 at 1/SDF/FX/SDFLighting.hlsl(366): 'UnityTexture3D::SampleLevel': implicit truncation of vector type
  error: 1 plat 4 at 1/SDF/FX/SDFLighting.hlsl(414): 'UnityTexture3D::SampleLevel': implicit truncation of vector type
  error: 1 plat 4 at 1/SDF/FX/SDFLighting.hlsl(422): 'UnityTexture3D::SampleLevel': implicit truncation of vector type
  error: 1 plat 4 at 1/SDF/FX/SDFLighting.hlsl(454): implicit truncation of vector type
  error: 1 plat 4 at 1/SDF/FX/SDFLighting.hlsl(462): implicit truncation of vector type
  error: 1 plat 4 at 1/SDF/FX/SDFLighting.hlsl(496): 'UnityTexture3D::SampleLevel': implicit truncation of vector type
  error: 1 plat 4 at 1/SDF/FX/SDFLighting.hlsl(504): 'UnityTexture3D::SampleLevel': implicit truncation of vector type
 ok=1 outsize=1178

Cmd: compileSnippet
  insize=8459 file=Assets/Shaders/Vol 1/SDF/FX/Shader Graphs/Bath pass=SceneSelectionPass ppOnly=0 stripLineD=0 buildPlatform=19 rsLen=0 pKW=UNITY_ENABLE_REFLECTION_BUFFERS UNITY_USE_DITHER_MASK_FOR_ALPHABLENDED_SHADOWS UNITY_PBS_USE_BRDF1 UNITY_SPECCUBE_BOX_PROJECTION UNITY_SPECCUBE_BLENDING UNITY_ENABLE_DETAIL_NORMALMAP SHADER_API_DESKTOP UNITY_LIGHT_PROBE_PROXY_VOLUME UNITY_LIGHTMAP_FULL_HDR uKW= dKW=UNITY_NO_DXT5nm UNITY_FRAMEBUFFER_FETCH_AVAILABLE UNITY_METAL_SHADOWS_USE_POINT_FILTERING UNITY_NO_SCREENSPACE_SHADOWS UNITY_PBS_USE_BRDF2 UNITY_PBS_USE_BRDF3 UNITY_NO_FULL_STANDARD_SHADER UNITY_HARDWARE_TIER1 UNITY_HARDWARE_TIER2 UNITY_HARDWARE_TIER3 UNITY_COLORSPACE_GAMMA UNITY_HALF_PRECISION_FRAGMENT_SHADER_REGISTERS UNITY_LIGHTMAP_DLDR_ENCODING UNITY_LIGHTMAP_RGBM_ENCODING UNITY_VIRTUAL_TEXTURING UNITY_PRETRANSFORM_TO_DISPLAY_ORIENTATION UNITY_ASTC_NORMALMAP_ENCODING SHADER_API_GLES30 UNITY_UNIFIED_SHADER_PRECISION_MODEL flags=0 lang=3 type=Vertex platform=d3d11 reqs=1 mask=6 start=2022 ok=1 outsize=622

Cmd: compileSnippet
  insize=13329 file=Assets/Shaders/Vol 1/SDF/FX/Shader Graphs/Bath pass=SceneSelectionPass ppOnly=0 stripLineD=0 buildPlatform=19 rsLen=0 pKW=UNITY_ENABLE_REFLECTION_BUFFERS UNITY_USE_DITHER_MASK_FOR_ALPHABLENDED_SHADOWS UNITY_PBS_USE_BRDF1 UNITY_SPECCUBE_BOX_PROJECTION UNITY_SPECCUBE_BLENDING UNITY_ENABLE_DETAIL_NORMALMAP SHADER_API_DESKTOP UNITY_LIGHT_PROBE_PROXY_VOLUME UNITY_LIGHTMAP_FULL_HDR uKW= dKW=UNITY_NO_DXT5nm UNITY_FRAMEBUFFER_FETCH_AVAILABLE UNITY_METAL_SHADOWS_USE_POINT_FILTERING UNITY_NO_SCREENSPACE_SHADOWS UNITY_PBS_USE_BRDF2 UNITY_PBS_USE_BRDF3 UNITY_NO_FULL_STANDARD_SHADER UNITY_HARDWARE_TIER1 UNITY_HARDWARE_TIER2 UNITY_HARDWARE_TIER3 UNITY_COLORSPACE_GAMMA UNITY_HALF_PRECISION_FRAGMENT_SHADER_REGISTERS UNITY_LIGHTMAP_DLDR_ENCODING UNITY_LIGHTMAP_RGBM_ENCODING UNITY_VIRTUAL_TEXTURING UNITY_PRETRANSFORM_TO_DISPLAY_ORIENTATION UNITY_ASTC_NORMALMAP_ENCODING SHADER_API_GLES30 UNITY_UNIFIED_SHADER_PRECISION_MODEL flags=0 lang=3 type=Vertex platform=d3d11 reqs=1 mask=6 start=2182  error: 1 plat 4 at 1/SDF/FX/Noise.cginc(79): implicit truncation of vector type
  error: 1 plat 4 at 1/SDF/FX/SDFLighting.hlsl(143): implicit truncation of vector type
  error: 1 plat 4 at 1/SDF/FX/SDFLighting.hlsl(144): implicit truncation of vector type
  error: 1 plat 4 at 1/SDF/FX/SDFLighting.hlsl(178): 'sdOrientedVesica': implicit truncation of vector type
  error: 1 plat 4 at 1/SDF/FX/SDFLighting.hlsl(246): implicit truncation of vector type
  error: 1 plat 4 at 1/SDF/FX/SDFLighting.hlsl(255): implicit truncation of vector type
  error: 1 plat 4 at 1/SDF/FX/SDFLighting.hlsl(329): implicit truncation of vector type
  error: 1 plat 4 at 1/SDF/FX/SDFLighting.hlsl(366): 'UnityTexture3D::SampleLevel': implicit truncation of vector type
  error: 1 plat 4 at 1/SDF/FX/SDFLighting.hlsl(414): 'UnityTexture3D::SampleLevel': implicit truncation of vector type
  error: 1 plat 4 at 1/SDF/FX/SDFLighting.hlsl(422): 'UnityTexture3D::SampleLevel': implicit truncation of vector type
  error: 1 plat 4 at 1/SDF/FX/SDFLighting.hlsl(454): implicit truncation of vector type
  error: 1 plat 4 at 1/SDF/FX/SDFLighting.hlsl(462): implicit truncation of vector type
  error: 1 plat 4 at 1/SDF/FX/SDFLighting.hlsl(496): 'UnityTexture3D::SampleLevel': implicit truncation of vector type
  error: 1 plat 4 at 1/SDF/FX/SDFLighting.hlsl(504): 'UnityTexture3D::SampleLevel': implicit truncation of vector type
 ok=1 outsize=686

Cmd: shutdown
