Base path: 'C:/Program Files/Unity/Hub/Editor/2022.3.0f1/Editor/Data', plugins path 'C:/Program Files/Unity/Hub/Editor/2022.3.0f1/Editor/Data/PlaybackEngines'
Cmd: initializeCompiler

Cmd: compileSnippet
  insize=24034 file=/Shader Graphs/Master pass=Universal Forward ppOnly=0 stripLineD=0 buildPlatform=19 rsLen=0 pKW=UNITY_ENABLE_REFLECTION_BUFFERS UNITY_USE_DITHER_MASK_FOR_ALPHABLENDED_SHADOWS UNITY_PBS_USE_BRDF1 UNITY_SPECCUBE_BOX_PROJECTION UNITY_SPECCUBE_BLENDING UNITY_ENABLE_DETAIL_NORMALMAP SHADER_API_DESKTOP UNITY_LIGHT_PROBE_PROXY_VOLUME UNITY_LIGHTMAP_FULL_HDR uKW= dKW=_DBUFFER_MRT1 _DBUFFER_MRT2 _DBUFFER_MRT3 DEBUG_DISPLAY _SCREEN_SPACE_OCCLUSION _WRITE_RENDERING_LAYERS LIGHTMAP_ON DIRLIGHTMAP_COMBINED _SAMPLE_GI DOTS_INSTANCING_ON INSTANCING_ON FOG_LINEAR FOG_EXP FOG_EXP2 UNITY_NO_DXT5nm UNITY_FRAMEBUFFER_FETCH_AVAILABLE UNITY_METAL_SHADOWS_USE_POINT_FILTERING UNITY_NO_SCREENSPACE_SHADOWS UNITY_PBS_USE_BRDF2 UNITY_PBS_USE_BRDF3 UNITY_NO_FULL_STANDARD_SHADER UNITY_HARDWARE_TIER1 UNITY_HARDWARE_TIER2 UNITY_HARDWARE_TIER3 UNITY_COLORSPACE_GAMMA UNITY_HALF_PRECISION_FRAGMENT_SHADER_REGISTERS UNITY_LIGHTMAP_DLDR_ENCODING UNITY_LIGHTMAP_RGBM_ENCODING UNITY_VIRTUAL_TEXTURING UNITY_PRETRANSFORM_TO_DISPLAY_ORIENTATION UNITY_ASTC_NORMALMAP_ENCODING SHADER_API_GLES30 UNITY_UNIFIED_SHADER_PRECISION_MODEL flags=0 lang=3 type=Fragment platform=d3d11 reqs=1 mask=6 start=49  error: 1 plat 4 at 1/SDF/FX/NoiseUtils.hlsl(77): implicit truncation of vector type
  error: 1 plat 4 at 1/SDF/FX/SDFLighting.hlsl(142): implicit truncation of vector type
  error: 1 plat 4 at 1/SDF/FX/SDFLighting.hlsl(143): implicit truncation of vector type
  error: 1 plat 4 at 1/SDF/FX/SDFLighting.hlsl(177): 'sdOrientedVesica': implicit truncation of vector type
  error: 1 plat 4 at 1/SDF/FX/SDFLighting.hlsl(245): implicit truncation of vector type
  error: 1 plat 4 at 1/SDF/FX/SDFLighting.hlsl(254): implicit truncation of vector type
  error: 1 plat 4 at 1/SDF/FX/SDFLighting.hlsl(328): implicit truncation of vector type
  error: 1 plat 4 at 1/SDF/FX/SDFLighting.hlsl(367): 'UnityTexture3D::SampleLevel': implicit truncation of vector type
  error: 1 plat 4 at 1/SDF/FX/SDFLighting.hlsl(375): 'UnityTexture3D::SampleLevel': implicit truncation of vector type
  error: 1 plat 4 at 1/SDF/FX/SDFLighting.hlsl(409): 'UnityTexture3D::SampleLevel': implicit truncation of vector type
  error: 1 plat 4 at 1/SDF/FX/SDFLighting.hlsl(417): 'UnityTexture3D::SampleLevel': implicit truncation of vector type
  error: 1 plat 4 at 1/SDF/FX/SDFLighting.hlsl(449): implicit truncation of vector type
  error: 1 plat 4 at 1/SDF/FX/SDFLighting.hlsl(457): implicit truncation of vector type
  error: 1 plat 4 at 1/SDF/FX/SDFLighting.hlsl(491): 'UnityTexture3D::SampleLevel': implicit truncation of vector type
  error: 1 plat 4 at 1/SDF/FX/SDFLighting.hlsl(499): 'UnityTexture3D::SampleLevel': implicit truncation of vector type
 ok=1 outsize=3358

Cmd: compileSnippet
  insize=12458 file=Assets/Shaders/Vol 1/SDF/FX/Shader Graphs/SearchLightShader pass=Universal Forward ppOnly=0 stripLineD=0 buildPlatform=19 rsLen=0 pKW=UNITY_ENABLE_REFLECTION_BUFFERS UNITY_USE_DITHER_MASK_FOR_ALPHABLENDED_SHADOWS UNITY_PBS_USE_BRDF1 UNITY_SPECCUBE_BOX_PROJECTION UNITY_SPECCUBE_BLENDING UNITY_ENABLE_DETAIL_NORMALMAP SHADER_API_DESKTOP UNITY_LIGHT_PROBE_PROXY_VOLUME UNITY_LIGHTMAP_FULL_HDR uKW= dKW=LIGHTMAP_ON DIRLIGHTMAP_COMBINED _SAMPLE_GI DOTS_INSTANCING_ON INSTANCING_ON FOG_LINEAR FOG_EXP FOG_EXP2 UNITY_NO_DXT5nm UNITY_FRAMEBUFFER_FETCH_AVAILABLE UNITY_METAL_SHADOWS_USE_POINT_FILTERING UNITY_NO_SCREENSPACE_SHADOWS UNITY_PBS_USE_BRDF2 UNITY_PBS_USE_BRDF3 UNITY_NO_FULL_STANDARD_SHADER UNITY_HARDWARE_TIER1 UNITY_HARDWARE_TIER2 UNITY_HARDWARE_TIER3 UNITY_COLORSPACE_GAMMA UNITY_HALF_PRECISION_FRAGMENT_SHADER_REGISTERS UNITY_LIGHTMAP_DLDR_ENCODING UNITY_LIGHTMAP_RGBM_ENCODING UNITY_VIRTUAL_TEXTURING UNITY_PRETRANSFORM_TO_DISPLAY_ORIENTATION UNITY_ASTC_NORMALMAP_ENCODING SHADER_API_GLES30 UNITY_UNIFIED_SHADER_PRECISION_MODEL flags=0 lang=3 type=Vertex platform=d3d11 reqs=1 mask=6 start=47  error: 1 plat 4 at 1/SDF/FX/NoiseUtils.hlsl(77): implicit truncation of vector type
  error: 1 plat 4 at 1/SDF/FX/SDFLighting.hlsl(142): implicit truncation of vector type
  error: 1 plat 4 at 1/SDF/FX/SDFLighting.hlsl(143): implicit truncation of vector type
  error: 1 plat 4 at 1/SDF/FX/SDFLighting.hlsl(177): 'sdOrientedVesica': implicit truncation of vector type
  error: 1 plat 4 at 1/SDF/FX/SDFLighting.hlsl(245): implicit truncation of vector type
  error: 1 plat 4 at 1/SDF/FX/SDFLighting.hlsl(254): implicit truncation of vector type
  error: 1 plat 4 at 1/SDF/FX/SDFLighting.hlsl(328): implicit truncation of vector type
  error: 1 plat 4 at 1/SDF/FX/SDFLighting.hlsl(367): 'UnityTexture3D::SampleLevel': implicit truncation of vector type
  error: 1 plat 4 at 1/SDF/FX/SDFLighting.hlsl(375): 'UnityTexture3D::SampleLevel': implicit truncation of vector type
  error: 1 plat 4 at 1/SDF/FX/SDFLighting.hlsl(409): 'UnityTexture3D::SampleLevel': implicit truncation of vector type
  error: 1 plat 4 at 1/SDF/FX/SDFLighting.hlsl(417): 'UnityTexture3D::SampleLevel': implicit truncation of vector type
  error: 1 plat 4 at 1/SDF/FX/SDFLighting.hlsl(449): implicit truncation of vector type
  error: 1 plat 4 at 1/SDF/FX/SDFLighting.hlsl(457): implicit truncation of vector type
  error: 1 plat 4 at 1/SDF/FX/SDFLighting.hlsl(491): 'UnityTexture3D::SampleLevel': implicit truncation of vector type
  error: 1 plat 4 at 1/SDF/FX/SDFLighting.hlsl(499): 'UnityTexture3D::SampleLevel': implicit truncation of vector type
 ok=1 outsize=934

Cmd: compileSnippet
  insize=22914 file=Assets/Shaders/Vol 1/SDF/FX/Shader Graphs/BeamLightShader pass=Universal Forward ppOnly=0 stripLineD=0 buildPlatform=19 rsLen=0 pKW=UNITY_ENABLE_REFLECTION_BUFFERS UNITY_USE_DITHER_MASK_FOR_ALPHABLENDED_SHADOWS UNITY_PBS_USE_BRDF1 UNITY_SPECCUBE_BOX_PROJECTION UNITY_SPECCUBE_BLENDING UNITY_ENABLE_DETAIL_NORMALMAP SHADER_API_DESKTOP UNITY_LIGHT_PROBE_PROXY_VOLUME UNITY_LIGHTMAP_FULL_HDR uKW=_AXIS_Y dKW=LIGHTMAP_ON DIRLIGHTMAP_COMBINED _SAMPLE_GI DOTS_INSTANCING_ON INSTANCING_ON FOG_LINEAR FOG_EXP FOG_EXP2 _AXIS_X _AXIS_Z UNITY_NO_DXT5nm UNITY_FRAMEBUFFER_FETCH_AVAILABLE UNITY_METAL_SHADOWS_USE_POINT_FILTERING UNITY_NO_SCREENSPACE_SHADOWS UNITY_PBS_USE_BRDF2 UNITY_PBS_USE_BRDF3 UNITY_NO_FULL_STANDARD_SHADER UNITY_HARDWARE_TIER1 UNITY_HARDWARE_TIER2 UNITY_HARDWARE_TIER3 UNITY_COLORSPACE_GAMMA UNITY_HALF_PRECISION_FRAGMENT_SHADER_REGISTERS UNITY_LIGHTMAP_DLDR_ENCODING UNITY_LIGHTMAP_RGBM_ENCODING UNITY_VIRTUAL_TEXTURING UNITY_PRETRANSFORM_TO_DISPLAY_ORIENTATION UNITY_ASTC_NORMALMAP_ENCODING SHADER_API_GLES30 UNITY_UNIFIED_SHADER_PRECISION_MODEL flags=0 lang=3 type=Vertex platform=d3d11 reqs=1 mask=6 start=48  error: 1 plat 4 at 1/SDF/FX/NoiseUtils.hlsl(77): implicit truncation of vector type
  error: 1 plat 4 at 1/SDF/FX/SDFLighting.hlsl(142): implicit truncation of vector type
  error: 1 plat 4 at 1/SDF/FX/SDFLighting.hlsl(143): implicit truncation of vector type
  error: 1 plat 4 at 1/SDF/FX/SDFLighting.hlsl(177): 'sdOrientedVesica': implicit truncation of vector type
  error: 1 plat 4 at 1/SDF/FX/SDFLighting.hlsl(245): implicit truncation of vector type
  error: 1 plat 4 at 1/SDF/FX/SDFLighting.hlsl(254): implicit truncation of vector type
  error: 1 plat 4 at 1/SDF/FX/SDFLighting.hlsl(328): implicit truncation of vector type
  error: 1 plat 4 at 1/SDF/FX/SDFLighting.hlsl(367): 'UnityTexture3D::SampleLevel': implicit truncation of vector type
  error: 1 plat 4 at 1/SDF/FX/SDFLighting.hlsl(375): 'UnityTexture3D::SampleLevel': implicit truncation of vector type
  error: 1 plat 4 at 1/SDF/FX/SDFLighting.hlsl(409): 'UnityTexture3D::SampleLevel': implicit truncation of vector type
  error: 1 plat 4 at 1/SDF/FX/SDFLighting.hlsl(417): 'UnityTexture3D::SampleLevel': implicit truncation of vector type
  error: 1 plat 4 at 1/SDF/FX/SDFLighting.hlsl(449): implicit truncation of vector type
  error: 1 plat 4 at 1/SDF/FX/SDFLighting.hlsl(457): implicit truncation of vector type
  error: 1 plat 4 at 1/SDF/FX/SDFLighting.hlsl(491): 'UnityTexture3D::SampleLevel': implicit truncation of vector type
  error: 1 plat 4 at 1/SDF/FX/SDFLighting.hlsl(499): 'UnityTexture3D::SampleLevel': implicit truncation of vector type
 ok=1 outsize=934

Cmd: compileSnippet
  insize=11150 file=Assets/Shaders/Vol 1/SDF/FX/Shader Graphs/MistWispShader pass=Universal Forward ppOnly=0 stripLineD=0 buildPlatform=19 rsLen=0 pKW=UNITY_ENABLE_REFLECTION_BUFFERS UNITY_USE_DITHER_MASK_FOR_ALPHABLENDED_SHADOWS UNITY_PBS_USE_BRDF1 UNITY_SPECCUBE_BOX_PROJECTION UNITY_SPECCUBE_BLENDING UNITY_ENABLE_DETAIL_NORMALMAP SHADER_API_DESKTOP UNITY_LIGHT_PROBE_PROXY_VOLUME UNITY_LIGHTMAP_FULL_HDR uKW= dKW=LIGHTMAP_ON DIRLIGHTMAP_COMBINED _SAMPLE_GI DOTS_INSTANCING_ON INSTANCING_ON FOG_LINEAR FOG_EXP FOG_EXP2 UNITY_NO_DXT5nm UNITY_FRAMEBUFFER_FETCH_AVAILABLE UNITY_METAL_SHADOWS_USE_POINT_FILTERING UNITY_NO_SCREENSPACE_SHADOWS UNITY_PBS_USE_BRDF2 UNITY_PBS_USE_BRDF3 UNITY_NO_FULL_STANDARD_SHADER UNITY_HARDWARE_TIER1 UNITY_HARDWARE_TIER2 UNITY_HARDWARE_TIER3 UNITY_COLORSPACE_GAMMA UNITY_HALF_PRECISION_FRAGMENT_SHADER_REGISTERS UNITY_LIGHTMAP_DLDR_ENCODING UNITY_LIGHTMAP_RGBM_ENCODING UNITY_VIRTUAL_TEXTURING UNITY_PRETRANSFORM_TO_DISPLAY_ORIENTATION UNITY_ASTC_NORMALMAP_ENCODING SHADER_API_GLES30 UNITY_UNIFIED_SHADER_PRECISION_MODEL flags=0 lang=3 type=Vertex platform=d3d11 reqs=1 mask=6 start=47  error: 1 plat 4 at 1/SDF/FX/NoiseUtils.hlsl(77): implicit truncation of vector type
  error: 1 plat 4 at 1/SDF/FX/SDFLighting.hlsl(142): implicit truncation of vector type
  error: 1 plat 4 at 1/SDF/FX/SDFLighting.hlsl(143): implicit truncation of vector type
  error: 1 plat 4 at 1/SDF/FX/SDFLighting.hlsl(177): 'sdOrientedVesica': implicit truncation of vector type
  error: 1 plat 4 at 1/SDF/FX/SDFLighting.hlsl(245): implicit truncation of vector type
  error: 1 plat 4 at 1/SDF/FX/SDFLighting.hlsl(254): implicit truncation of vector type
  error: 1 plat 4 at 1/SDF/FX/SDFLighting.hlsl(328): implicit truncation of vector type
  error: 1 plat 4 at 1/SDF/FX/SDFLighting.hlsl(367): 'UnityTexture3D::SampleLevel': implicit truncation of vector type
  error: 1 plat 4 at 1/SDF/FX/SDFLighting.hlsl(375): 'UnityTexture3D::SampleLevel': implicit truncation of vector type
  error: 1 plat 4 at 1/SDF/FX/SDFLighting.hlsl(409): 'UnityTexture3D::SampleLevel': implicit truncation of vector type
  error: 1 plat 4 at 1/SDF/FX/SDFLighting.hlsl(417): 'UnityTexture3D::SampleLevel': implicit truncation of vector type
  error: 1 plat 4 at 1/SDF/FX/SDFLighting.hlsl(449): implicit truncation of vector type
  error: 1 plat 4 at 1/SDF/FX/SDFLighting.hlsl(457): implicit truncation of vector type
  error: 1 plat 4 at 1/SDF/FX/SDFLighting.hlsl(491): 'UnityTexture3D::SampleLevel': implicit truncation of vector type
  error: 1 plat 4 at 1/SDF/FX/SDFLighting.hlsl(499): 'UnityTexture3D::SampleLevel': implicit truncation of vector type
 ok=1 outsize=934

Cmd: compileSnippet
  insize=13456 file=/Shader Graphs/hidden/preview/Clamp_0c6e9530a5504cb28ce39d06660d2586 pass=<Unnamed Pass 0> ppOnly=0 stripLineD=0 buildPlatform=19 rsLen=0 pKW=UNITY_ENABLE_REFLECTION_BUFFERS UNITY_USE_DITHER_MASK_FOR_ALPHABLENDED_SHADOWS UNITY_PBS_USE_BRDF1 UNITY_SPECCUBE_BOX_PROJECTION UNITY_SPECCUBE_BLENDING UNITY_ENABLE_DETAIL_NORMALMAP SHADER_API_DESKTOP UNITY_LIGHT_PROBE_PROXY_VOLUME UNITY_LIGHTMAP_FULL_HDR uKW= dKW=UNITY_NO_DXT5nm UNITY_FRAMEBUFFER_FETCH_AVAILABLE UNITY_METAL_SHADOWS_USE_POINT_FILTERING UNITY_NO_SCREENSPACE_SHADOWS UNITY_PBS_USE_BRDF2 UNITY_PBS_USE_BRDF3 UNITY_NO_FULL_STANDARD_SHADER UNITY_HARDWARE_TIER1 UNITY_HARDWARE_TIER2 UNITY_HARDWARE_TIER3 UNITY_COLORSPACE_GAMMA UNITY_HALF_PRECISION_FRAGMENT_SHADER_REGISTERS UNITY_LIGHTMAP_DLDR_ENCODING UNITY_LIGHTMAP_RGBM_ENCODING UNITY_VIRTUAL_TEXTURING UNITY_PRETRANSFORM_TO_DISPLAY_ORIENTATION UNITY_ASTC_NORMALMAP_ENCODING SHADER_API_GLES30 UNITY_UNIFIED_SHADER_PRECISION_MODEL flags=0 lang=3 type=Vertex platform=d3d11 reqs=33 mask=6 start=39  error: 1 plat 4 at 1/SDF/FX/NoiseUtils.hlsl(77): implicit truncation of vector type
  error: 1 plat 4 at 1/SDF/FX/SDFLighting.hlsl(142): implicit truncation of vector type
  error: 1 plat 4 at 1/SDF/FX/SDFLighting.hlsl(143): implicit truncation of vector type
  error: 1 plat 4 at 1/SDF/FX/SDFLighting.hlsl(177): 'sdOrientedVesica': implicit truncation of vector type
  error: 1 plat 4 at 1/SDF/FX/SDFLighting.hlsl(245): implicit truncation of vector type
  error: 1 plat 4 at 1/SDF/FX/SDFLighting.hlsl(254): implicit truncation of vector type
  error: 1 plat 4 at 1/SDF/FX/SDFLighting.hlsl(328): implicit truncation of vector type
  error: 1 plat 4 at 1/SDF/FX/SDFLighting.hlsl(367): 'UnityTexture3D::SampleLevel': implicit truncation of vector type
  error: 1 plat 4 at 1/SDF/FX/SDFLighting.hlsl(375): 'UnityTexture3D::SampleLevel': implicit truncation of vector type
  error: 1 plat 4 at 1/SDF/FX/SDFLighting.hlsl(409): 'UnityTexture3D::SampleLevel': implicit truncation of vector type
  error: 1 plat 4 at 1/SDF/FX/SDFLighting.hlsl(417): 'UnityTexture3D::SampleLevel': implicit truncation of vector type
  error: 1 plat 4 at 1/SDF/FX/SDFLighting.hlsl(449): implicit truncation of vector type
  error: 1 plat 4 at 1/SDF/FX/SDFLighting.hlsl(457): implicit truncation of vector type
  error: 1 plat 4 at 1/SDF/FX/SDFLighting.hlsl(491): 'UnityTexture3D::SampleLevel': implicit truncation of vector type
  error: 1 plat 4 at 1/SDF/FX/SDFLighting.hlsl(499): 'UnityTexture3D::SampleLevel': implicit truncation of vector type
 ok=1 outsize=626

Cmd: compileSnippet
  insize=18165 file=/Shader Graphs/hidden/preview/Multiply_1fef523e80f544d3838f7dfb40932033 pass=<Unnamed Pass 0> ppOnly=0 stripLineD=0 buildPlatform=19 rsLen=0 pKW=UNITY_ENABLE_REFLECTION_BUFFERS UNITY_USE_DITHER_MASK_FOR_ALPHABLENDED_SHADOWS UNITY_PBS_USE_BRDF1 UNITY_SPECCUBE_BOX_PROJECTION UNITY_SPECCUBE_BLENDING UNITY_ENABLE_DETAIL_NORMALMAP SHADER_API_DESKTOP UNITY_LIGHT_PROBE_PROXY_VOLUME UNITY_LIGHTMAP_FULL_HDR uKW= dKW=UNITY_NO_DXT5nm UNITY_FRAMEBUFFER_FETCH_AVAILABLE UNITY_METAL_SHADOWS_USE_POINT_FILTERING UNITY_NO_SCREENSPACE_SHADOWS UNITY_PBS_USE_BRDF2 UNITY_PBS_USE_BRDF3 UNITY_NO_FULL_STANDARD_SHADER UNITY_HARDWARE_TIER1 UNITY_HARDWARE_TIER2 UNITY_HARDWARE_TIER3 UNITY_COLORSPACE_GAMMA UNITY_HALF_PRECISION_FRAGMENT_SHADER_REGISTERS UNITY_LIGHTMAP_DLDR_ENCODING UNITY_LIGHTMAP_RGBM_ENCODING UNITY_VIRTUAL_TEXTURING UNITY_PRETRANSFORM_TO_DISPLAY_ORIENTATION UNITY_ASTC_NORMALMAP_ENCODING SHADER_API_GLES30 UNITY_UNIFIED_SHADER_PRECISION_MODEL flags=0 lang=3 type=Vertex platform=d3d11 reqs=33 mask=6 start=39  error: 1 plat 4 at 1/SDF/FX/NoiseUtils.hlsl(77): implicit truncation of vector type
  error: 1 plat 4 at 1/SDF/FX/SDFLighting.hlsl(142): implicit truncation of vector type
  error: 1 plat 4 at 1/SDF/FX/SDFLighting.hlsl(143): implicit truncation of vector type
  error: 1 plat 4 at 1/SDF/FX/SDFLighting.hlsl(177): 'sdOrientedVesica': implicit truncation of vector type
  error: 1 plat 4 at 1/SDF/FX/SDFLighting.hlsl(245): implicit truncation of vector type
  error: 1 plat 4 at 1/SDF/FX/SDFLighting.hlsl(254): implicit truncation of vector type
  error: 1 plat 4 at 1/SDF/FX/SDFLighting.hlsl(328): implicit truncation of vector type
  error: 1 plat 4 at 1/SDF/FX/SDFLighting.hlsl(367): 'UnityTexture3D::SampleLevel': implicit truncation of vector type
  error: 1 plat 4 at 1/SDF/FX/SDFLighting.hlsl(375): 'UnityTexture3D::SampleLevel': implicit truncation of vector type
  error: 1 plat 4 at 1/SDF/FX/SDFLighting.hlsl(409): 'UnityTexture3D::SampleLevel': implicit truncation of vector type
  error: 1 plat 4 at 1/SDF/FX/SDFLighting.hlsl(417): 'UnityTexture3D::SampleLevel': implicit truncation of vector type
  error: 1 plat 4 at 1/SDF/FX/SDFLighting.hlsl(449): implicit truncation of vector type
  error: 1 plat 4 at 1/SDF/FX/SDFLighting.hlsl(457): implicit truncation of vector type
  error: 1 plat 4 at 1/SDF/FX/SDFLighting.hlsl(491): 'UnityTexture3D::SampleLevel': implicit truncation of vector type
  error: 1 plat 4 at 1/SDF/FX/SDFLighting.hlsl(499): 'UnityTexture3D::SampleLevel': implicit truncation of vector type
 ok=1 outsize=626

Cmd: compileSnippet
  insize=12435 file=/Shader Graphs/hidden/preview/AveragePositionLightCustomFunction_41d7bfcb47a44d9ba9a06790faab2568 pass=<Unnamed Pass 0> ppOnly=0 stripLineD=0 buildPlatform=19 rsLen=0 pKW=UNITY_ENABLE_REFLECTION_BUFFERS UNITY_USE_DITHER_MASK_FOR_ALPHABLENDED_SHADOWS UNITY_PBS_USE_BRDF1 UNITY_SPECCUBE_BOX_PROJECTION UNITY_SPECCUBE_BLENDING UNITY_ENABLE_DETAIL_NORMALMAP SHADER_API_DESKTOP UNITY_LIGHT_PROBE_PROXY_VOLUME UNITY_LIGHTMAP_FULL_HDR uKW= dKW=UNITY_NO_DXT5nm UNITY_FRAMEBUFFER_FETCH_AVAILABLE UNITY_METAL_SHADOWS_USE_POINT_FILTERING UNITY_NO_SCREENSPACE_SHADOWS UNITY_PBS_USE_BRDF2 UNITY_PBS_USE_BRDF3 UNITY_NO_FULL_STANDARD_SHADER UNITY_HARDWARE_TIER1 UNITY_HARDWARE_TIER2 UNITY_HARDWARE_TIER3 UNITY_COLORSPACE_GAMMA UNITY_HALF_PRECISION_FRAGMENT_SHADER_REGISTERS UNITY_LIGHTMAP_DLDR_ENCODING UNITY_LIGHTMAP_RGBM_ENCODING UNITY_VIRTUAL_TEXTURING UNITY_PRETRANSFORM_TO_DISPLAY_ORIENTATION UNITY_ASTC_NORMALMAP_ENCODING SHADER_API_GLES30 UNITY_UNIFIED_SHADER_PRECISION_MODEL flags=0 lang=3 type=Vertex platform=d3d11 reqs=33 mask=6 start=39  error: 1 plat 4 at 1/SDF/FX/NoiseUtils.hlsl(77): implicit truncation of vector type
  error: 1 plat 4 at 1/SDF/FX/SDFLighting.hlsl(142): implicit truncation of vector type
  error: 1 plat 4 at 1/SDF/FX/SDFLighting.hlsl(143): implicit truncation of vector type
  error: 1 plat 4 at 1/SDF/FX/SDFLighting.hlsl(177): 'sdOrientedVesica': implicit truncation of vector type
  error: 1 plat 4 at 1/SDF/FX/SDFLighting.hlsl(245): implicit truncation of vector type
  error: 1 plat 4 at 1/SDF/FX/SDFLighting.hlsl(254): implicit truncation of vector type
  error: 1 plat 4 at 1/SDF/FX/SDFLighting.hlsl(328): implicit truncation of vector type
  error: 1 plat 4 at 1/SDF/FX/SDFLighting.hlsl(367): 'UnityTexture3D::SampleLevel': implicit truncation of vector type
  error: 1 plat 4 at 1/SDF/FX/SDFLighting.hlsl(375): 'UnityTexture3D::SampleLevel': implicit truncation of vector type
  error: 1 plat 4 at 1/SDF/FX/SDFLighting.hlsl(409): 'UnityTexture3D::SampleLevel': implicit truncation of vector type
  error: 1 plat 4 at 1/SDF/FX/SDFLighting.hlsl(417): 'UnityTexture3D::SampleLevel': implicit truncation of vector type
  error: 1 plat 4 at 1/SDF/FX/SDFLighting.hlsl(449): implicit truncation of vector type
  error: 1 plat 4 at 1/SDF/FX/SDFLighting.hlsl(457): implicit truncation of vector type
  error: 1 plat 4 at 1/SDF/FX/SDFLighting.hlsl(491): 'UnityTexture3D::SampleLevel': implicit truncation of vector type
  error: 1 plat 4 at 1/SDF/FX/SDFLighting.hlsl(499): 'UnityTexture3D::SampleLevel': implicit truncation of vector type
 ok=1 outsize=626

Cmd: compileSnippet
  insize=23890 file=/Shader Graphs/Master pass=Universal Forward ppOnly=0 stripLineD=0 buildPlatform=19 rsLen=0 pKW=UNITY_ENABLE_REFLECTION_BUFFERS UNITY_USE_DITHER_MASK_FOR_ALPHABLENDED_SHADOWS UNITY_PBS_USE_BRDF1 UNITY_SPECCUBE_BOX_PROJECTION UNITY_SPECCUBE_BLENDING UNITY_ENABLE_DETAIL_NORMALMAP SHADER_API_DESKTOP UNITY_LIGHT_PROBE_PROXY_VOLUME UNITY_LIGHTMAP_FULL_HDR uKW= dKW=_DBUFFER_MRT1 _DBUFFER_MRT2 _DBUFFER_MRT3 DEBUG_DISPLAY _SCREEN_SPACE_OCCLUSION _WRITE_RENDERING_LAYERS LIGHTMAP_ON DIRLIGHTMAP_COMBINED _SAMPLE_GI DOTS_INSTANCING_ON INSTANCING_ON FOG_LINEAR FOG_EXP FOG_EXP2 UNITY_NO_DXT5nm UNITY_FRAMEBUFFER_FETCH_AVAILABLE UNITY_METAL_SHADOWS_USE_POINT_FILTERING UNITY_NO_SCREENSPACE_SHADOWS UNITY_PBS_USE_BRDF2 UNITY_PBS_USE_BRDF3 UNITY_NO_FULL_STANDARD_SHADER UNITY_HARDWARE_TIER1 UNITY_HARDWARE_TIER2 UNITY_HARDWARE_TIER3 UNITY_COLORSPACE_GAMMA UNITY_HALF_PRECISION_FRAGMENT_SHADER_REGISTERS UNITY_LIGHTMAP_DLDR_ENCODING UNITY_LIGHTMAP_RGBM_ENCODING UNITY_VIRTUAL_TEXTURING UNITY_PRETRANSFORM_TO_DISPLAY_ORIENTATION UNITY_ASTC_NORMALMAP_ENCODING SHADER_API_GLES30 UNITY_UNIFIED_SHADER_PRECISION_MODEL flags=0 lang=3 type=Fragment platform=d3d11 reqs=1 mask=6 start=49  error: 1 plat 4 at 1/SDF/FX/NoiseUtils.hlsl(77): implicit truncation of vector type
  error: 1 plat 4 at 1/SDF/FX/SDFLighting.hlsl(142): implicit truncation of vector type
  error: 1 plat 4 at 1/SDF/FX/SDFLighting.hlsl(143): implicit truncation of vector type
  error: 1 plat 4 at 1/SDF/FX/SDFLighting.hlsl(177): 'sdOrientedVesica': implicit truncation of vector type
  error: 1 plat 4 at 1/SDF/FX/SDFLighting.hlsl(245): implicit truncation of vector type
  error: 1 plat 4 at 1/SDF/FX/SDFLighting.hlsl(254): implicit truncation of vector type
  error: 1 plat 4 at 1/SDF/FX/SDFLighting.hlsl(328): implicit truncation of vector type
  error: 1 plat 4 at 1/SDF/FX/SDFLighting.hlsl(367): 'UnityTexture3D::SampleLevel': implicit truncation of vector type
  error: 1 plat 4 at 1/SDF/FX/SDFLighting.hlsl(375): 'UnityTexture3D::SampleLevel': implicit truncation of vector type
  error: 1 plat 4 at 1/SDF/FX/SDFLighting.hlsl(409): 'UnityTexture3D::SampleLevel': implicit truncation of vector type
  error: 1 plat 4 at 1/SDF/FX/SDFLighting.hlsl(417): 'UnityTexture3D::SampleLevel': implicit truncation of vector type
  error: 1 plat 4 at 1/SDF/FX/SDFLighting.hlsl(449): implicit truncation of vector type
  error: 1 plat 4 at 1/SDF/FX/SDFLighting.hlsl(457): implicit truncation of vector type
  error: 1 plat 4 at 1/SDF/FX/SDFLighting.hlsl(491): 'UnityTexture3D::SampleLevel': implicit truncation of vector type
  error: 1 plat 4 at 1/SDF/FX/SDFLighting.hlsl(499): 'UnityTexture3D::SampleLevel': implicit truncation of vector type
 ok=1 outsize=3358

Cmd: compileSnippet
  insize=13328 file=/Shader Graphs/hidden/preview/Clamp_0c6e9530a5504cb28ce39d06660d2586 pass=<Unnamed Pass 0> ppOnly=0 stripLineD=0 buildPlatform=19 rsLen=0 pKW=UNITY_ENABLE_REFLECTION_BUFFERS UNITY_USE_DITHER_MASK_FOR_ALPHABLENDED_SHADOWS UNITY_PBS_USE_BRDF1 UNITY_SPECCUBE_BOX_PROJECTION UNITY_SPECCUBE_BLENDING UNITY_ENABLE_DETAIL_NORMALMAP SHADER_API_DESKTOP UNITY_LIGHT_PROBE_PROXY_VOLUME UNITY_LIGHTMAP_FULL_HDR uKW= dKW=UNITY_NO_DXT5nm UNITY_FRAMEBUFFER_FETCH_AVAILABLE UNITY_METAL_SHADOWS_USE_POINT_FILTERING UNITY_NO_SCREENSPACE_SHADOWS UNITY_PBS_USE_BRDF2 UNITY_PBS_USE_BRDF3 UNITY_NO_FULL_STANDARD_SHADER UNITY_HARDWARE_TIER1 UNITY_HARDWARE_TIER2 UNITY_HARDWARE_TIER3 UNITY_COLORSPACE_GAMMA UNITY_HALF_PRECISION_FRAGMENT_SHADER_REGISTERS UNITY_LIGHTMAP_DLDR_ENCODING UNITY_LIGHTMAP_RGBM_ENCODING UNITY_VIRTUAL_TEXTURING UNITY_PRETRANSFORM_TO_DISPLAY_ORIENTATION UNITY_ASTC_NORMALMAP_ENCODING SHADER_API_GLES30 UNITY_UNIFIED_SHADER_PRECISION_MODEL flags=0 lang=3 type=Fragment platform=d3d11 reqs=33 mask=6 start=39  error: 1 plat 4 at 1/SDF/FX/NoiseUtils.hlsl(77): implicit truncation of vector type
  error: 1 plat 4 at 1/SDF/FX/SDFLighting.hlsl(142): implicit truncation of vector type
  error: 1 plat 4 at 1/SDF/FX/SDFLighting.hlsl(143): implicit truncation of vector type
  error: 1 plat 4 at 1/SDF/FX/SDFLighting.hlsl(177): 'sdOrientedVesica': implicit truncation of vector type
  error: 1 plat 4 at 1/SDF/FX/SDFLighting.hlsl(245): implicit truncation of vector type
  error: 1 plat 4 at 1/SDF/FX/SDFLighting.hlsl(254): implicit truncation of vector type
  error: 1 plat 4 at 1/SDF/FX/SDFLighting.hlsl(328): implicit truncation of vector type
  error: 1 plat 4 at 1/SDF/FX/SDFLighting.hlsl(367): 'UnityTexture3D::SampleLevel': implicit truncation of vector type
  error: 1 plat 4 at 1/SDF/FX/SDFLighting.hlsl(375): 'UnityTexture3D::SampleLevel': implicit truncation of vector type
  error: 1 plat 4 at 1/SDF/FX/SDFLighting.hlsl(409): 'UnityTexture3D::SampleLevel': implicit truncation of vector type
  error: 1 plat 4 at 1/SDF/FX/SDFLighting.hlsl(417): 'UnityTexture3D::SampleLevel': implicit truncation of vector type
  error: 1 plat 4 at 1/SDF/FX/SDFLighting.hlsl(449): implicit truncation of vector type
  error: 1 plat 4 at 1/SDF/FX/SDFLighting.hlsl(457): implicit truncation of vector type
  error: 1 plat 4 at 1/SDF/FX/SDFLighting.hlsl(491): 'UnityTexture3D::SampleLevel': implicit truncation of vector type
  error: 1 plat 4 at 1/SDF/FX/SDFLighting.hlsl(499): 'UnityTexture3D::SampleLevel': implicit truncation of vector type
 ok=1 outsize=2474

Cmd: compileSnippet
  insize=23716 file=/Shader Graphs/Master pass=Universal Forward ppOnly=0 stripLineD=0 buildPlatform=19 rsLen=0 pKW=UNITY_ENABLE_REFLECTION_BUFFERS UNITY_USE_DITHER_MASK_FOR_ALPHABLENDED_SHADOWS UNITY_PBS_USE_BRDF1 UNITY_SPECCUBE_BOX_PROJECTION UNITY_SPECCUBE_BLENDING UNITY_ENABLE_DETAIL_NORMALMAP SHADER_API_DESKTOP UNITY_LIGHT_PROBE_PROXY_VOLUME UNITY_LIGHTMAP_FULL_HDR uKW= dKW=_DBUFFER_MRT1 _DBUFFER_MRT2 _DBUFFER_MRT3 DEBUG_DISPLAY _SCREEN_SPACE_OCCLUSION _WRITE_RENDERING_LAYERS LIGHTMAP_ON DIRLIGHTMAP_COMBINED _SAMPLE_GI DOTS_INSTANCING_ON INSTANCING_ON FOG_LINEAR FOG_EXP FOG_EXP2 UNITY_NO_DXT5nm UNITY_FRAMEBUFFER_FETCH_AVAILABLE UNITY_METAL_SHADOWS_USE_POINT_FILTERING UNITY_NO_SCREENSPACE_SHADOWS UNITY_PBS_USE_BRDF2 UNITY_PBS_USE_BRDF3 UNITY_NO_FULL_STANDARD_SHADER UNITY_HARDWARE_TIER1 UNITY_HARDWARE_TIER2 UNITY_HARDWARE_TIER3 UNITY_COLORSPACE_GAMMA UNITY_HALF_PRECISION_FRAGMENT_SHADER_REGISTERS UNITY_LIGHTMAP_DLDR_ENCODING UNITY_LIGHTMAP_RGBM_ENCODING UNITY_VIRTUAL_TEXTURING UNITY_PRETRANSFORM_TO_DISPLAY_ORIENTATION UNITY_ASTC_NORMALMAP_ENCODING SHADER_API_GLES30 UNITY_UNIFIED_SHADER_PRECISION_MODEL flags=0 lang=3 type=Fragment platform=d3d11 reqs=1 mask=6 start=49  error: 1 plat 4 at 1/SDF/FX/NoiseUtils.hlsl(77): implicit truncation of vector type
  error: 1 plat 4 at 1/SDF/FX/SDFLighting.hlsl(142): implicit truncation of vector type
  error: 1 plat 4 at 1/SDF/FX/SDFLighting.hlsl(143): implicit truncation of vector type
  error: 1 plat 4 at 1/SDF/FX/SDFLighting.hlsl(177): 'sdOrientedVesica': implicit truncation of vector type
  error: 1 plat 4 at 1/SDF/FX/SDFLighting.hlsl(245): implicit truncation of vector type
  error: 1 plat 4 at 1/SDF/FX/SDFLighting.hlsl(254): implicit truncation of vector type
  error: 1 plat 4 at 1/SDF/FX/SDFLighting.hlsl(328): implicit truncation of vector type
  error: 1 plat 4 at 1/SDF/FX/SDFLighting.hlsl(367): 'UnityTexture3D::SampleLevel': implicit truncation of vector type
  error: 1 plat 4 at 1/SDF/FX/SDFLighting.hlsl(375): 'UnityTexture3D::SampleLevel': implicit truncation of vector type
  error: 1 plat 4 at 1/SDF/FX/SDFLighting.hlsl(409): 'UnityTexture3D::SampleLevel': implicit truncation of vector type
  error: 1 plat 4 at 1/SDF/FX/SDFLighting.hlsl(417): 'UnityTexture3D::SampleLevel': implicit truncation of vector type
  error: 1 plat 4 at 1/SDF/FX/SDFLighting.hlsl(449): implicit truncation of vector type
  error: 1 plat 4 at 1/SDF/FX/SDFLighting.hlsl(457): implicit truncation of vector type
  error: 1 plat 4 at 1/SDF/FX/SDFLighting.hlsl(491): 'UnityTexture3D::SampleLevel': implicit truncation of vector type
  error: 1 plat 4 at 1/SDF/FX/SDFLighting.hlsl(499): 'UnityTexture3D::SampleLevel': implicit truncation of vector type
 ok=1 outsize=3406

Cmd: compileSnippet
  insize=14316 file=/Shader Graphs/Master pass=Universal Forward ppOnly=0 stripLineD=0 buildPlatform=19 rsLen=0 pKW=UNITY_ENABLE_REFLECTION_BUFFERS UNITY_USE_DITHER_MASK_FOR_ALPHABLENDED_SHADOWS UNITY_PBS_USE_BRDF1 UNITY_SPECCUBE_BOX_PROJECTION UNITY_SPECCUBE_BLENDING UNITY_ENABLE_DETAIL_NORMALMAP SHADER_API_DESKTOP UNITY_LIGHT_PROBE_PROXY_VOLUME UNITY_LIGHTMAP_FULL_HDR uKW= dKW=_DBUFFER_MRT1 _DBUFFER_MRT2 _DBUFFER_MRT3 DEBUG_DISPLAY _SCREEN_SPACE_OCCLUSION _WRITE_RENDERING_LAYERS LIGHTMAP_ON DIRLIGHTMAP_COMBINED _SAMPLE_GI DOTS_INSTANCING_ON INSTANCING_ON FOG_LINEAR FOG_EXP FOG_EXP2 UNITY_NO_DXT5nm UNITY_FRAMEBUFFER_FETCH_AVAILABLE UNITY_METAL_SHADOWS_USE_POINT_FILTERING UNITY_NO_SCREENSPACE_SHADOWS UNITY_PBS_USE_BRDF2 UNITY_PBS_USE_BRDF3 UNITY_NO_FULL_STANDARD_SHADER UNITY_HARDWARE_TIER1 UNITY_HARDWARE_TIER2 UNITY_HARDWARE_TIER3 UNITY_COLORSPACE_GAMMA UNITY_HALF_PRECISION_FRAGMENT_SHADER_REGISTERS UNITY_LIGHTMAP_DLDR_ENCODING UNITY_LIGHTMAP_RGBM_ENCODING UNITY_VIRTUAL_TEXTURING UNITY_PRETRANSFORM_TO_DISPLAY_ORIENTATION UNITY_ASTC_NORMALMAP_ENCODING SHADER_API_GLES30 UNITY_UNIFIED_SHADER_PRECISION_MODEL flags=0 lang=3 type=Fragment platform=d3d11 reqs=1 mask=6 start=49  error: 1 plat 4 at (364): implicit truncation of vector type
 ok=1 outsize=422

Cmd: compileSnippet
  insize=13185 file=/Shader Graphs/Master pass=Universal Forward ppOnly=0 stripLineD=0 buildPlatform=19 rsLen=0 pKW=UNITY_ENABLE_REFLECTION_BUFFERS UNITY_USE_DITHER_MASK_FOR_ALPHABLENDED_SHADOWS UNITY_PBS_USE_BRDF1 UNITY_SPECCUBE_BOX_PROJECTION UNITY_SPECCUBE_BLENDING UNITY_ENABLE_DETAIL_NORMALMAP SHADER_API_DESKTOP UNITY_LIGHT_PROBE_PROXY_VOLUME UNITY_LIGHTMAP_FULL_HDR uKW= dKW=_DBUFFER_MRT1 _DBUFFER_MRT2 _DBUFFER_MRT3 DEBUG_DISPLAY _SCREEN_SPACE_OCCLUSION _WRITE_RENDERING_LAYERS LIGHTMAP_ON DIRLIGHTMAP_COMBINED _SAMPLE_GI DOTS_INSTANCING_ON INSTANCING_ON FOG_LINEAR FOG_EXP FOG_EXP2 UNITY_NO_DXT5nm UNITY_FRAMEBUFFER_FETCH_AVAILABLE UNITY_METAL_SHADOWS_USE_POINT_FILTERING UNITY_NO_SCREENSPACE_SHADOWS UNITY_PBS_USE_BRDF2 UNITY_PBS_USE_BRDF3 UNITY_NO_FULL_STANDARD_SHADER UNITY_HARDWARE_TIER1 UNITY_HARDWARE_TIER2 UNITY_HARDWARE_TIER3 UNITY_COLORSPACE_GAMMA UNITY_HALF_PRECISION_FRAGMENT_SHADER_REGISTERS UNITY_LIGHTMAP_DLDR_ENCODING UNITY_LIGHTMAP_RGBM_ENCODING UNITY_VIRTUAL_TEXTURING UNITY_PRETRANSFORM_TO_DISPLAY_ORIENTATION UNITY_ASTC_NORMALMAP_ENCODING SHADER_API_GLES30 UNITY_UNIFIED_SHADER_PRECISION_MODEL flags=0 lang=3 type=Fragment platform=d3d11 reqs=1 mask=6 start=49  error: 1 plat 4 at (344): implicit truncation of vector type
 ok=1 outsize=338

Cmd: compileSnippet
  insize=17022 file=Assets/Shaders/Vol 1/SDF/FX/Shader Graphs/AxisLightShader pass=ShadowCaster ppOnly=0 stripLineD=0 buildPlatform=19 rsLen=0 pKW=UNITY_ENABLE_REFLECTION_BUFFERS UNITY_USE_DITHER_MASK_FOR_ALPHABLENDED_SHADOWS UNITY_PBS_USE_BRDF1 UNITY_SPECCUBE_BOX_PROJECTION UNITY_SPECCUBE_BLENDING UNITY_ENABLE_DETAIL_NORMALMAP SHADER_API_DESKTOP UNITY_LIGHT_PROBE_PROXY_VOLUME UNITY_LIGHTMAP_FULL_HDR UNITY_PASS_SHADOWCASTER uKW=_AXIS_Z dKW=DOTS_INSTANCING_ON INSTANCING_ON _AXIS_X _AXIS_Y UNITY_NO_DXT5nm UNITY_FRAMEBUFFER_FETCH_AVAILABLE UNITY_METAL_SHADOWS_USE_POINT_FILTERING UNITY_NO_SCREENSPACE_SHADOWS UNITY_PBS_USE_BRDF2 UNITY_PBS_USE_BRDF3 UNITY_NO_FULL_STANDARD_SHADER UNITY_HARDWARE_TIER1 UNITY_HARDWARE_TIER2 UNITY_HARDWARE_TIER3 UNITY_COLORSPACE_GAMMA UNITY_HALF_PRECISION_FRAGMENT_SHADER_REGISTERS UNITY_LIGHTMAP_DLDR_ENCODING UNITY_LIGHTMAP_RGBM_ENCODING UNITY_VIRTUAL_TEXTURING UNITY_PRETRANSFORM_TO_DISPLAY_ORIENTATION UNITY_ASTC_NORMALMAP_ENCODING SHADER_API_GLES30 UNITY_UNIFIED_SHADER_PRECISION_MODEL flags=0 lang=3 type=Fragment platform=d3d11 reqs=1 mask=6 start=992  error: 1 plat 4 at 1/SDF/FX/NoiseUtils.hlsl(77): implicit truncation of vector type
  error: 1 plat 4 at 1/SDF/FX/SDFLighting.hlsl(142): implicit truncation of vector type
  error: 1 plat 4 at 1/SDF/FX/SDFLighting.hlsl(143): implicit truncation of vector type
  error: 1 plat 4 at 1/SDF/FX/SDFLighting.hlsl(177): 'sdOrientedVesica': implicit truncation of vector type
  error: 1 plat 4 at 1/SDF/FX/SDFLighting.hlsl(245): implicit truncation of vector type
  error: 1 plat 4 at 1/SDF/FX/SDFLighting.hlsl(254): implicit truncation of vector type
  error: 1 plat 4 at 1/SDF/FX/SDFLighting.hlsl(328): implicit truncation of vector type
  error: 1 plat 4 at 1/SDF/FX/SDFLighting.hlsl(367): 'UnityTexture3D::SampleLevel': implicit truncation of vector type
  error: 1 plat 4 at 1/SDF/FX/SDFLighting.hlsl(375): 'UnityTexture3D::SampleLevel': implicit truncation of vector type
  error: 1 plat 4 at 1/SDF/FX/SDFLighting.hlsl(409): 'UnityTexture3D::SampleLevel': implicit truncation of vector type
  error: 1 plat 4 at 1/SDF/FX/SDFLighting.hlsl(417): 'UnityTexture3D::SampleLevel': implicit truncation of vector type
  error: 1 plat 4 at 1/SDF/FX/SDFLighting.hlsl(449): implicit truncation of vector type
  error: 1 plat 4 at 1/SDF/FX/SDFLighting.hlsl(457): implicit truncation of vector type
  error: 1 plat 4 at 1/SDF/FX/SDFLighting.hlsl(491): 'UnityTexture3D::SampleLevel': implicit truncation of vector type
  error: 1 plat 4 at 1/SDF/FX/SDFLighting.hlsl(499): 'UnityTexture3D::SampleLevel': implicit truncation of vector type
 ok=1 outsize=306

Cmd: compileSnippet
  insize=15903 file=Assets/Shaders/Vol 1/SDF/FX/Shader Graphs/LightShaftShader pass=Universal Forward ppOnly=0 stripLineD=0 buildPlatform=19 rsLen=0 pKW=UNITY_ENABLE_REFLECTION_BUFFERS UNITY_USE_DITHER_MASK_FOR_ALPHABLENDED_SHADOWS UNITY_PBS_USE_BRDF1 UNITY_SPECCUBE_BOX_PROJECTION UNITY_SPECCUBE_BLENDING UNITY_ENABLE_DETAIL_NORMALMAP SHADER_API_DESKTOP UNITY_LIGHT_PROBE_PROXY_VOLUME UNITY_LIGHTMAP_FULL_HDR uKW=_SCREEN_SPACE_OCCLUSION dKW=_DBUFFER_MRT1 _DBUFFER_MRT2 _DBUFFER_MRT3 DEBUG_DISPLAY _WRITE_RENDERING_LAYERS LIGHTMAP_ON DIRLIGHTMAP_COMBINED _SAMPLE_GI DOTS_INSTANCING_ON INSTANCING_ON FOG_LINEAR FOG_EXP FOG_EXP2 UNITY_NO_DXT5nm UNITY_FRAMEBUFFER_FETCH_AVAILABLE UNITY_METAL_SHADOWS_USE_POINT_FILTERING UNITY_NO_SCREENSPACE_SHADOWS UNITY_PBS_USE_BRDF2 UNITY_PBS_USE_BRDF3 UNITY_NO_FULL_STANDARD_SHADER UNITY_HARDWARE_TIER1 UNITY_HARDWARE_TIER2 UNITY_HARDWARE_TIER3 UNITY_COLORSPACE_GAMMA UNITY_HALF_PRECISION_FRAGMENT_SHADER_REGISTERS UNITY_LIGHTMAP_DLDR_ENCODING UNITY_LIGHTMAP_RGBM_ENCODING UNITY_VIRTUAL_TEXTURING UNITY_PRETRANSFORM_TO_DISPLAY_ORIENTATION UNITY_ASTC_NORMALMAP_ENCODING SHADER_API_GLES30 UNITY_UNIFIED_SHADER_PRECISION_MODEL flags=0 lang=3 type=Fragment platform=d3d11 reqs=1 mask=6 start=46  error: 1 plat 4 at 1/SDF/FX/NoiseUtils.hlsl(77): implicit truncation of vector type
  error: 1 plat 4 at 1/SDF/FX/SDFLighting.hlsl(142): implicit truncation of vector type
  error: 1 plat 4 at 1/SDF/FX/SDFLighting.hlsl(143): implicit truncation of vector type
  error: 1 plat 4 at 1/SDF/FX/SDFLighting.hlsl(177): 'sdOrientedVesica': implicit truncation of vector type
  error: 1 plat 4 at 1/SDF/FX/SDFLighting.hlsl(245): implicit truncation of vector type
  error: 1 plat 4 at 1/SDF/FX/SDFLighting.hlsl(254): implicit truncation of vector type
  error: 1 plat 4 at 1/SDF/FX/SDFLighting.hlsl(328): implicit truncation of vector type
  error: 1 plat 4 at 1/SDF/FX/SDFLighting.hlsl(367): 'UnityTexture3D::SampleLevel': implicit truncation of vector type
  error: 1 plat 4 at 1/SDF/FX/SDFLighting.hlsl(375): 'UnityTexture3D::SampleLevel': implicit truncation of vector type
  error: 1 plat 4 at 1/SDF/FX/SDFLighting.hlsl(409): 'UnityTexture3D::SampleLevel': implicit truncation of vector type
  error: 1 plat 4 at 1/SDF/FX/SDFLighting.hlsl(417): 'UnityTexture3D::SampleLevel': implicit truncation of vector type
  error: 1 plat 4 at 1/SDF/FX/SDFLighting.hlsl(449): implicit truncation of vector type
  error: 1 plat 4 at 1/SDF/FX/SDFLighting.hlsl(457): implicit truncation of vector type
  error: 1 plat 4 at 1/SDF/FX/SDFLighting.hlsl(491): 'UnityTexture3D::SampleLevel': implicit truncation of vector type
  error: 1 plat 4 at 1/SDF/FX/SDFLighting.hlsl(499): 'UnityTexture3D::SampleLevel': implicit truncation of vector type
 ok=1 outsize=80258

Cmd: compileSnippet
  insize=10201 file=Assets/Shaders/Vol 1/SDF/FX/Shader Graphs/MistWispShader pass=ScenePickingPass ppOnly=0 stripLineD=0 buildPlatform=19 rsLen=0 pKW=UNITY_ENABLE_REFLECTION_BUFFERS UNITY_USE_DITHER_MASK_FOR_ALPHABLENDED_SHADOWS UNITY_PBS_USE_BRDF1 UNITY_SPECCUBE_BOX_PROJECTION UNITY_SPECCUBE_BLENDING UNITY_ENABLE_DETAIL_NORMALMAP SHADER_API_DESKTOP UNITY_LIGHT_PROBE_PROXY_VOLUME UNITY_LIGHTMAP_FULL_HDR uKW= dKW=UNITY_NO_DXT5nm UNITY_FRAMEBUFFER_FETCH_AVAILABLE UNITY_METAL_SHADOWS_USE_POINT_FILTERING UNITY_NO_SCREENSPACE_SHADOWS UNITY_PBS_USE_BRDF2 UNITY_PBS_USE_BRDF3 UNITY_NO_FULL_STANDARD_SHADER UNITY_HARDWARE_TIER1 UNITY_HARDWARE_TIER2 UNITY_HARDWARE_TIER3 UNITY_COLORSPACE_GAMMA UNITY_HALF_PRECISION_FRAGMENT_SHADER_REGISTERS UNITY_LIGHTMAP_DLDR_ENCODING UNITY_LIGHTMAP_RGBM_ENCODING UNITY_VIRTUAL_TEXTURING UNITY_PRETRANSFORM_TO_DISPLAY_ORIENTATION UNITY_ASTC_NORMALMAP_ENCODING SHADER_API_GLES30 UNITY_UNIFIED_SHADER_PRECISION_MODEL flags=0 lang=3 type=Fragment platform=d3d11 reqs=1 mask=6 start=1354  error: 1 plat 4 at 1/SDF/FX/NoiseUtils.hlsl(77): implicit truncation of vector type
  error: 1 plat 4 at 1/SDF/FX/SDFLighting.hlsl(142): implicit truncation of vector type
  error: 1 plat 4 at 1/SDF/FX/SDFLighting.hlsl(143): implicit truncation of vector type
  error: 1 plat 4 at 1/SDF/FX/SDFLighting.hlsl(177): 'sdOrientedVesica': implicit truncation of vector type
  error: 1 plat 4 at 1/SDF/FX/SDFLighting.hlsl(245): implicit truncation of vector type
  error: 1 plat 4 at 1/SDF/FX/SDFLighting.hlsl(254): implicit truncation of vector type
  error: 1 plat 4 at 1/SDF/FX/SDFLighting.hlsl(328): implicit truncation of vector type
  error: 1 plat 4 at 1/SDF/FX/SDFLighting.hlsl(367): 'UnityTexture3D::SampleLevel': implicit truncation of vector type
  error: 1 plat 4 at 1/SDF/FX/SDFLighting.hlsl(375): 'UnityTexture3D::SampleLevel': implicit truncation of vector type
  error: 1 plat 4 at 1/SDF/FX/SDFLighting.hlsl(409): 'UnityTexture3D::SampleLevel': implicit truncation of vector type
  error: 1 plat 4 at 1/SDF/FX/SDFLighting.hlsl(417): 'UnityTexture3D::SampleLevel': implicit truncation of vector type
  error: 1 plat 4 at 1/SDF/FX/SDFLighting.hlsl(449): implicit truncation of vector type
  error: 1 plat 4 at 1/SDF/FX/SDFLighting.hlsl(457): implicit truncation of vector type
  error: 1 plat 4 at 1/SDF/FX/SDFLighting.hlsl(491): 'UnityTexture3D::SampleLevel': implicit truncation of vector type
  error: 1 plat 4 at 1/SDF/FX/SDFLighting.hlsl(499): 'UnityTexture3D::SampleLevel': implicit truncation of vector type
 ok=1 outsize=290

Cmd: compileSnippet
  insize=21608 file=Assets/Shaders/Vol 1/SDF/FX/Shader Graphs/AxisLightShader pass=ScenePickingPass ppOnly=0 stripLineD=0 buildPlatform=19 rsLen=0 pKW=UNITY_ENABLE_REFLECTION_BUFFERS UNITY_USE_DITHER_MASK_FOR_ALPHABLENDED_SHADOWS UNITY_PBS_USE_BRDF1 UNITY_SPECCUBE_BOX_PROJECTION UNITY_SPECCUBE_BLENDING UNITY_ENABLE_DETAIL_NORMALMAP SHADER_API_DESKTOP UNITY_LIGHT_PROBE_PROXY_VOLUME UNITY_LIGHTMAP_FULL_HDR uKW=_AXIS_Z dKW=_AXIS_X _AXIS_Y UNITY_NO_DXT5nm UNITY_FRAMEBUFFER_FETCH_AVAILABLE UNITY_METAL_SHADOWS_USE_POINT_FILTERING UNITY_NO_SCREENSPACE_SHADOWS UNITY_PBS_USE_BRDF2 UNITY_PBS_USE_BRDF3 UNITY_NO_FULL_STANDARD_SHADER UNITY_HARDWARE_TIER1 UNITY_HARDWARE_TIER2 UNITY_HARDWARE_TIER3 UNITY_COLORSPACE_GAMMA UNITY_HALF_PRECISION_FRAGMENT_SHADER_REGISTERS UNITY_LIGHTMAP_DLDR_ENCODING UNITY_LIGHTMAP_RGBM_ENCODING UNITY_VIRTUAL_TEXTURING UNITY_PRETRANSFORM_TO_DISPLAY_ORIENTATION UNITY_ASTC_NORMALMAP_ENCODING SHADER_API_GLES30 UNITY_UNIFIED_SHADER_PRECISION_MODEL flags=0 lang=3 type=Fragment platform=d3d11 reqs=1 mask=6 start=2241  error: 1 plat 4 at 1/SDF/FX/NoiseUtils.hlsl(77): implicit truncation of vector type
  error: 1 plat 4 at 1/SDF/FX/SDFLighting.hlsl(142): implicit truncation of vector type
  error: 1 plat 4 at 1/SDF/FX/SDFLighting.hlsl(143): implicit truncation of vector type
  error: 1 plat 4 at 1/SDF/FX/SDFLighting.hlsl(177): 'sdOrientedVesica': implicit truncation of vector type
  error: 1 plat 4 at 1/SDF/FX/SDFLighting.hlsl(245): implicit truncation of vector type
  error: 1 plat 4 at 1/SDF/FX/SDFLighting.hlsl(254): implicit truncation of vector type
  error: 1 plat 4 at 1/SDF/FX/SDFLighting.hlsl(328): implicit truncation of vector type
  error: 1 plat 4 at 1/SDF/FX/SDFLighting.hlsl(367): 'UnityTexture3D::SampleLevel': implicit truncation of vector type
  error: 1 plat 4 at 1/SDF/FX/SDFLighting.hlsl(375): 'UnityTexture3D::SampleLevel': implicit truncation of vector type
  error: 1 plat 4 at 1/SDF/FX/SDFLighting.hlsl(409): 'UnityTexture3D::SampleLevel': implicit truncation of vector type
  error: 1 plat 4 at 1/SDF/FX/SDFLighting.hlsl(417): 'UnityTexture3D::SampleLevel': implicit truncation of vector type
  error: 1 plat 4 at 1/SDF/FX/SDFLighting.hlsl(449): implicit truncation of vector type
  error: 1 plat 4 at 1/SDF/FX/SDFLighting.hlsl(457): implicit truncation of vector type
  error: 1 plat 4 at 1/SDF/FX/SDFLighting.hlsl(491): 'UnityTexture3D::SampleLevel': implicit truncation of vector type
  error: 1 plat 4 at 1/SDF/FX/SDFLighting.hlsl(499): 'UnityTexture3D::SampleLevel': implicit truncation of vector type
 ok=1 outsize=290

Cmd: compileSnippet
  insize=21608 file=Assets/Shaders/Vol 1/SDF/FX/Shader Graphs/Bath pass=ScenePickingPass ppOnly=0 stripLineD=0 buildPlatform=19 rsLen=0 pKW=UNITY_ENABLE_REFLECTION_BUFFERS UNITY_USE_DITHER_MASK_FOR_ALPHABLENDED_SHADOWS UNITY_PBS_USE_BRDF1 UNITY_SPECCUBE_BOX_PROJECTION UNITY_SPECCUBE_BLENDING UNITY_ENABLE_DETAIL_NORMALMAP SHADER_API_DESKTOP UNITY_LIGHT_PROBE_PROXY_VOLUME UNITY_LIGHTMAP_FULL_HDR uKW=_AXIS_X dKW=_AXIS_Y _AXIS_Z UNITY_NO_DXT5nm UNITY_FRAMEBUFFER_FETCH_AVAILABLE UNITY_METAL_SHADOWS_USE_POINT_FILTERING UNITY_NO_SCREENSPACE_SHADOWS UNITY_PBS_USE_BRDF2 UNITY_PBS_USE_BRDF3 UNITY_NO_FULL_STANDARD_SHADER UNITY_HARDWARE_TIER1 UNITY_HARDWARE_TIER2 UNITY_HARDWARE_TIER3 UNITY_COLORSPACE_GAMMA UNITY_HALF_PRECISION_FRAGMENT_SHADER_REGISTERS UNITY_LIGHTMAP_DLDR_ENCODING UNITY_LIGHTMAP_RGBM_ENCODING UNITY_VIRTUAL_TEXTURING UNITY_PRETRANSFORM_TO_DISPLAY_ORIENTATION UNITY_ASTC_NORMALMAP_ENCODING SHADER_API_GLES30 UNITY_UNIFIED_SHADER_PRECISION_MODEL flags=0 lang=3 type=Fragment platform=d3d11 reqs=1 mask=6 start=2241  error: 1 plat 4 at 1/SDF/FX/NoiseUtils.hlsl(77): implicit truncation of vector type
  error: 1 plat 4 at 1/SDF/FX/SDFLighting.hlsl(142): implicit truncation of vector type
  error: 1 plat 4 at 1/SDF/FX/SDFLighting.hlsl(143): implicit truncation of vector type
  error: 1 plat 4 at 1/SDF/FX/SDFLighting.hlsl(177): 'sdOrientedVesica': implicit truncation of vector type
  error: 1 plat 4 at 1/SDF/FX/SDFLighting.hlsl(245): implicit truncation of vector type
  error: 1 plat 4 at 1/SDF/FX/SDFLighting.hlsl(254): implicit truncation of vector type
  error: 1 plat 4 at 1/SDF/FX/SDFLighting.hlsl(328): implicit truncation of vector type
  error: 1 plat 4 at 1/SDF/FX/SDFLighting.hlsl(367): 'UnityTexture3D::SampleLevel': implicit truncation of vector type
  error: 1 plat 4 at 1/SDF/FX/SDFLighting.hlsl(375): 'UnityTexture3D::SampleLevel': implicit truncation of vector type
  error: 1 plat 4 at 1/SDF/FX/SDFLighting.hlsl(409): 'UnityTexture3D::SampleLevel': implicit truncation of vector type
  error: 1 plat 4 at 1/SDF/FX/SDFLighting.hlsl(417): 'UnityTexture3D::SampleLevel': implicit truncation of vector type
  error: 1 plat 4 at 1/SDF/FX/SDFLighting.hlsl(449): implicit truncation of vector type
  error: 1 plat 4 at 1/SDF/FX/SDFLighting.hlsl(457): implicit truncation of vector type
  error: 1 plat 4 at 1/SDF/FX/SDFLighting.hlsl(491): 'UnityTexture3D::SampleLevel': implicit truncation of vector type
  error: 1 plat 4 at 1/SDF/FX/SDFLighting.hlsl(499): 'UnityTexture3D::SampleLevel': implicit truncation of vector type
 ok=1 outsize=290

Cmd: compileSnippet
  insize=21610 file=Assets/Shaders/Vol 1/SDF/FX/Shader Graphs/Bath pass=SceneSelectionPass ppOnly=0 stripLineD=0 buildPlatform=19 rsLen=0 pKW=UNITY_ENABLE_REFLECTION_BUFFERS UNITY_USE_DITHER_MASK_FOR_ALPHABLENDED_SHADOWS UNITY_PBS_USE_BRDF1 UNITY_SPECCUBE_BOX_PROJECTION UNITY_SPECCUBE_BLENDING UNITY_ENABLE_DETAIL_NORMALMAP SHADER_API_DESKTOP UNITY_LIGHT_PROBE_PROXY_VOLUME UNITY_LIGHTMAP_FULL_HDR uKW=_AXIS_X dKW=_AXIS_Y _AXIS_Z UNITY_NO_DXT5nm UNITY_FRAMEBUFFER_FETCH_AVAILABLE UNITY_METAL_SHADOWS_USE_POINT_FILTERING UNITY_NO_SCREENSPACE_SHADOWS UNITY_PBS_USE_BRDF2 UNITY_PBS_USE_BRDF3 UNITY_NO_FULL_STANDARD_SHADER UNITY_HARDWARE_TIER1 UNITY_HARDWARE_TIER2 UNITY_HARDWARE_TIER3 UNITY_COLORSPACE_GAMMA UNITY_HALF_PRECISION_FRAGMENT_SHADER_REGISTERS UNITY_LIGHTMAP_DLDR_ENCODING UNITY_LIGHTMAP_RGBM_ENCODING UNITY_VIRTUAL_TEXTURING UNITY_PRETRANSFORM_TO_DISPLAY_ORIENTATION UNITY_ASTC_NORMALMAP_ENCODING SHADER_API_GLES30 UNITY_UNIFIED_SHADER_PRECISION_MODEL flags=0 lang=3 type=Fragment platform=d3d11 reqs=1 mask=6 start=1708  error: 1 plat 4 at 1/SDF/FX/NoiseUtils.hlsl(77): implicit truncation of vector type
  error: 1 plat 4 at 1/SDF/FX/SDFLighting.hlsl(142): implicit truncation of vector type
  error: 1 plat 4 at 1/SDF/FX/SDFLighting.hlsl(143): implicit truncation of vector type
  error: 1 plat 4 at 1/SDF/FX/SDFLighting.hlsl(177): 'sdOrientedVesica': implicit truncation of vector type
  error: 1 plat 4 at 1/SDF/FX/SDFLighting.hlsl(245): implicit truncation of vector type
  error: 1 plat 4 at 1/SDF/FX/SDFLighting.hlsl(254): implicit truncation of vector type
  error: 1 plat 4 at 1/SDF/FX/SDFLighting.hlsl(328): implicit truncation of vector type
  error: 1 plat 4 at 1/SDF/FX/SDFLighting.hlsl(367): 'UnityTexture3D::SampleLevel': implicit truncation of vector type
  error: 1 plat 4 at 1/SDF/FX/SDFLighting.hlsl(375): 'UnityTexture3D::SampleLevel': implicit truncation of vector type
  error: 1 plat 4 at 1/SDF/FX/SDFLighting.hlsl(409): 'UnityTexture3D::SampleLevel': implicit truncation of vector type
  error: 1 plat 4 at 1/SDF/FX/SDFLighting.hlsl(417): 'UnityTexture3D::SampleLevel': implicit truncation of vector type
  error: 1 plat 4 at 1/SDF/FX/SDFLighting.hlsl(449): implicit truncation of vector type
  error: 1 plat 4 at 1/SDF/FX/SDFLighting.hlsl(457): implicit truncation of vector type
  error: 1 plat 4 at 1/SDF/FX/SDFLighting.hlsl(491): 'UnityTexture3D::SampleLevel': implicit truncation of vector type
  error: 1 plat 4 at 1/SDF/FX/SDFLighting.hlsl(499): 'UnityTexture3D::SampleLevel': implicit truncation of vector type
 ok=1 outsize=322

Cmd: compileSnippet
  insize=13837 file=/Shader Graphs/Master pass=Universal Forward ppOnly=0 stripLineD=0 buildPlatform=19 rsLen=0 pKW=UNITY_ENABLE_REFLECTION_BUFFERS UNITY_USE_DITHER_MASK_FOR_ALPHABLENDED_SHADOWS UNITY_PBS_USE_BRDF1 UNITY_SPECCUBE_BOX_PROJECTION UNITY_SPECCUBE_BLENDING UNITY_ENABLE_DETAIL_NORMALMAP SHADER_API_DESKTOP UNITY_LIGHT_PROBE_PROXY_VOLUME UNITY_LIGHTMAP_FULL_HDR uKW= dKW=_DBUFFER_MRT1 _DBUFFER_MRT2 _DBUFFER_MRT3 DEBUG_DISPLAY _SCREEN_SPACE_OCCLUSION _WRITE_RENDERING_LAYERS LIGHTMAP_ON DIRLIGHTMAP_COMBINED _SAMPLE_GI DOTS_INSTANCING_ON INSTANCING_ON FOG_LINEAR FOG_EXP FOG_EXP2 UNITY_NO_DXT5nm UNITY_FRAMEBUFFER_FETCH_AVAILABLE UNITY_METAL_SHADOWS_USE_POINT_FILTERING UNITY_NO_SCREENSPACE_SHADOWS UNITY_PBS_USE_BRDF2 UNITY_PBS_USE_BRDF3 UNITY_NO_FULL_STANDARD_SHADER UNITY_HARDWARE_TIER1 UNITY_HARDWARE_TIER2 UNITY_HARDWARE_TIER3 UNITY_COLORSPACE_GAMMA UNITY_HALF_PRECISION_FRAGMENT_SHADER_REGISTERS UNITY_LIGHTMAP_DLDR_ENCODING UNITY_LIGHTMAP_RGBM_ENCODING UNITY_VIRTUAL_TEXTURING UNITY_PRETRANSFORM_TO_DISPLAY_ORIENTATION UNITY_ASTC_NORMALMAP_ENCODING SHADER_API_GLES30 UNITY_UNIFIED_SHADER_PRECISION_MODEL flags=0 lang=3 type=Fragment platform=d3d11 reqs=1 mask=6 start=49 ok=1 outsize=350

Cmd: compileSnippet
  insize=13326 file=/Shader Graphs/Master pass=Universal Forward ppOnly=0 stripLineD=0 buildPlatform=19 rsLen=0 pKW=UNITY_ENABLE_REFLECTION_BUFFERS UNITY_USE_DITHER_MASK_FOR_ALPHABLENDED_SHADOWS UNITY_PBS_USE_BRDF1 UNITY_SPECCUBE_BOX_PROJECTION UNITY_SPECCUBE_BLENDING UNITY_ENABLE_DETAIL_NORMALMAP SHADER_API_DESKTOP UNITY_LIGHT_PROBE_PROXY_VOLUME UNITY_LIGHTMAP_FULL_HDR uKW= dKW=_DBUFFER_MRT1 _DBUFFER_MRT2 _DBUFFER_MRT3 DEBUG_DISPLAY _SCREEN_SPACE_OCCLUSION _WRITE_RENDERING_LAYERS LIGHTMAP_ON DIRLIGHTMAP_COMBINED _SAMPLE_GI DOTS_INSTANCING_ON INSTANCING_ON FOG_LINEAR FOG_EXP FOG_EXP2 UNITY_NO_DXT5nm UNITY_FRAMEBUFFER_FETCH_AVAILABLE UNITY_METAL_SHADOWS_USE_POINT_FILTERING UNITY_NO_SCREENSPACE_SHADOWS UNITY_PBS_USE_BRDF2 UNITY_PBS_USE_BRDF3 UNITY_NO_FULL_STANDARD_SHADER UNITY_HARDWARE_TIER1 UNITY_HARDWARE_TIER2 UNITY_HARDWARE_TIER3 UNITY_COLORSPACE_GAMMA UNITY_HALF_PRECISION_FRAGMENT_SHADER_REGISTERS UNITY_LIGHTMAP_DLDR_ENCODING UNITY_LIGHTMAP_RGBM_ENCODING UNITY_VIRTUAL_TEXTURING UNITY_PRETRANSFORM_TO_DISPLAY_ORIENTATION UNITY_ASTC_NORMALMAP_ENCODING SHADER_API_GLES30 UNITY_UNIFIED_SHADER_PRECISION_MODEL flags=0 lang=3 type=Fragment platform=d3d11 reqs=1 mask=6 start=49 ok=1 outsize=338

Cmd: compileSnippet
  insize=18220 file=/Shader Graphs/Master pass=Universal Forward ppOnly=0 stripLineD=0 buildPlatform=19 rsLen=0 pKW=UNITY_ENABLE_REFLECTION_BUFFERS UNITY_USE_DITHER_MASK_FOR_ALPHABLENDED_SHADOWS UNITY_PBS_USE_BRDF1 UNITY_SPECCUBE_BOX_PROJECTION UNITY_SPECCUBE_BLENDING UNITY_ENABLE_DETAIL_NORMALMAP SHADER_API_DESKTOP UNITY_LIGHT_PROBE_PROXY_VOLUME UNITY_LIGHTMAP_FULL_HDR uKW= dKW=_DBUFFER_MRT1 _DBUFFER_MRT2 _DBUFFER_MRT3 DEBUG_DISPLAY _SCREEN_SPACE_OCCLUSION _WRITE_RENDERING_LAYERS LIGHTMAP_ON DIRLIGHTMAP_COMBINED _SAMPLE_GI DOTS_INSTANCING_ON INSTANCING_ON FOG_LINEAR FOG_EXP FOG_EXP2 UNITY_NO_DXT5nm UNITY_FRAMEBUFFER_FETCH_AVAILABLE UNITY_METAL_SHADOWS_USE_POINT_FILTERING UNITY_NO_SCREENSPACE_SHADOWS UNITY_PBS_USE_BRDF2 UNITY_PBS_USE_BRDF3 UNITY_NO_FULL_STANDARD_SHADER UNITY_HARDWARE_TIER1 UNITY_HARDWARE_TIER2 UNITY_HARDWARE_TIER3 UNITY_COLORSPACE_GAMMA UNITY_HALF_PRECISION_FRAGMENT_SHADER_REGISTERS UNITY_LIGHTMAP_DLDR_ENCODING UNITY_LIGHTMAP_RGBM_ENCODING UNITY_VIRTUAL_TEXTURING UNITY_PRETRANSFORM_TO_DISPLAY_ORIENTATION UNITY_ASTC_NORMALMAP_ENCODING SHADER_API_GLES30 UNITY_UNIFIED_SHADER_PRECISION_MODEL flags=0 lang=3 type=Fragment platform=d3d11 reqs=1 mask=6 start=49  error: 1 plat 4 at 1/SDF/FX/NoiseUtils.hlsl(77): implicit truncation of vector type
  error: 1 plat 4 at 1/SDF/FX/SDFLighting.hlsl(142): implicit truncation of vector type
  error: 1 plat 4 at 1/SDF/FX/SDFLighting.hlsl(143): implicit truncation of vector type
  error: 1 plat 4 at 1/SDF/FX/SDFLighting.hlsl(177): 'sdOrientedVesica': implicit truncation of vector type
  error: 1 plat 4 at 1/SDF/FX/SDFLighting.hlsl(245): implicit truncation of vector type
  error: 1 plat 4 at 1/SDF/FX/SDFLighting.hlsl(254): implicit truncation of vector type
  error: 1 plat 4 at 1/SDF/FX/SDFLighting.hlsl(328): implicit truncation of vector type
  error: 1 plat 4 at 1/SDF/FX/SDFLighting.hlsl(367): 'UnityTexture3D::SampleLevel': implicit truncation of vector type
  error: 1 plat 4 at 1/SDF/FX/SDFLighting.hlsl(375): 'UnityTexture3D::SampleLevel': implicit truncation of vector type
  error: 1 plat 4 at 1/SDF/FX/SDFLighting.hlsl(409): 'UnityTexture3D::SampleLevel': implicit truncation of vector type
  error: 1 plat 4 at 1/SDF/FX/SDFLighting.hlsl(417): 'UnityTexture3D::SampleLevel': implicit truncation of vector type
  error: 1 plat 4 at 1/SDF/FX/SDFLighting.hlsl(449): implicit truncation of vector type
  error: 1 plat 4 at 1/SDF/FX/SDFLighting.hlsl(457): implicit truncation of vector type
  error: 1 plat 4 at 1/SDF/FX/SDFLighting.hlsl(491): 'UnityTexture3D::SampleLevel': implicit truncation of vector type
  error: 1 plat 4 at 1/SDF/FX/SDFLighting.hlsl(499): 'UnityTexture3D::SampleLevel': implicit truncation of vector type
 ok=1 outsize=986

Cmd: compileSnippet
  insize=18064 file=/Shader Graphs/Master pass=Universal Forward ppOnly=0 stripLineD=0 buildPlatform=19 rsLen=0 pKW=UNITY_ENABLE_REFLECTION_BUFFERS UNITY_USE_DITHER_MASK_FOR_ALPHABLENDED_SHADOWS UNITY_PBS_USE_BRDF1 UNITY_SPECCUBE_BOX_PROJECTION UNITY_SPECCUBE_BLENDING UNITY_ENABLE_DETAIL_NORMALMAP SHADER_API_DESKTOP UNITY_LIGHT_PROBE_PROXY_VOLUME UNITY_LIGHTMAP_FULL_HDR uKW= dKW=_DBUFFER_MRT1 _DBUFFER_MRT2 _DBUFFER_MRT3 DEBUG_DISPLAY _SCREEN_SPACE_OCCLUSION _WRITE_RENDERING_LAYERS LIGHTMAP_ON DIRLIGHTMAP_COMBINED _SAMPLE_GI DOTS_INSTANCING_ON INSTANCING_ON FOG_LINEAR FOG_EXP FOG_EXP2 UNITY_NO_DXT5nm UNITY_FRAMEBUFFER_FETCH_AVAILABLE UNITY_METAL_SHADOWS_USE_POINT_FILTERING UNITY_NO_SCREENSPACE_SHADOWS UNITY_PBS_USE_BRDF2 UNITY_PBS_USE_BRDF3 UNITY_NO_FULL_STANDARD_SHADER UNITY_HARDWARE_TIER1 UNITY_HARDWARE_TIER2 UNITY_HARDWARE_TIER3 UNITY_COLORSPACE_GAMMA UNITY_HALF_PRECISION_FRAGMENT_SHADER_REGISTERS UNITY_LIGHTMAP_DLDR_ENCODING UNITY_LIGHTMAP_RGBM_ENCODING UNITY_VIRTUAL_TEXTURING UNITY_PRETRANSFORM_TO_DISPLAY_ORIENTATION UNITY_ASTC_NORMALMAP_ENCODING SHADER_API_GLES30 UNITY_UNIFIED_SHADER_PRECISION_MODEL flags=0 lang=3 type=Fragment platform=d3d11 reqs=1 mask=6 start=49  error: 1 plat 4 at 1/SDF/FX/NoiseUtils.hlsl(77): implicit truncation of vector type
  error: 1 plat 4 at 1/SDF/FX/SDFLighting.hlsl(142): implicit truncation of vector type
  error: 1 plat 4 at 1/SDF/FX/SDFLighting.hlsl(143): implicit truncation of vector type
  error: 1 plat 4 at 1/SDF/FX/SDFLighting.hlsl(177): 'sdOrientedVesica': implicit truncation of vector type
  error: 1 plat 4 at 1/SDF/FX/SDFLighting.hlsl(245): implicit truncation of vector type
  error: 1 plat 4 at 1/SDF/FX/SDFLighting.hlsl(254): implicit truncation of vector type
  error: 1 plat 4 at 1/SDF/FX/SDFLighting.hlsl(328): implicit truncation of vector type
  error: 1 plat 4 at 1/SDF/FX/SDFLighting.hlsl(367): 'UnityTexture3D::SampleLevel': implicit truncation of vector type
  error: 1 plat 4 at 1/SDF/FX/SDFLighting.hlsl(375): 'UnityTexture3D::SampleLevel': implicit truncation of vector type
  error: 1 plat 4 at 1/SDF/FX/SDFLighting.hlsl(409): 'UnityTexture3D::SampleLevel': implicit truncation of vector type
  error: 1 plat 4 at 1/SDF/FX/SDFLighting.hlsl(417): 'UnityTexture3D::SampleLevel': implicit truncation of vector type
  error: 1 plat 4 at 1/SDF/FX/SDFLighting.hlsl(449): implicit truncation of vector type
  error: 1 plat 4 at 1/SDF/FX/SDFLighting.hlsl(457): implicit truncation of vector type
  error: 1 plat 4 at 1/SDF/FX/SDFLighting.hlsl(491): 'UnityTexture3D::SampleLevel': implicit truncation of vector type
  error: 1 plat 4 at 1/SDF/FX/SDFLighting.hlsl(499): 'UnityTexture3D::SampleLevel': implicit truncation of vector type
 ok=1 outsize=986

Cmd: compileSnippet
  insize=11740 file=Assets/Shaders/Vol 1/SDF/FX/Shader Graphs/Bath pass=ShadowCaster ppOnly=0 stripLineD=0 buildPlatform=19 rsLen=0 pKW=UNITY_ENABLE_REFLECTION_BUFFERS UNITY_USE_DITHER_MASK_FOR_ALPHABLENDED_SHADOWS UNITY_PBS_USE_BRDF1 UNITY_SPECCUBE_BOX_PROJECTION UNITY_SPECCUBE_BLENDING UNITY_ENABLE_DETAIL_NORMALMAP SHADER_API_DESKTOP UNITY_LIGHT_PROBE_PROXY_VOLUME UNITY_LIGHTMAP_FULL_HDR UNITY_PASS_SHADOWCASTER uKW=_AXIS_X dKW=DOTS_INSTANCING_ON INSTANCING_ON _AXIS_Y _AXIS_Z UNITY_NO_DXT5nm UNITY_FRAMEBUFFER_FETCH_AVAILABLE UNITY_METAL_SHADOWS_USE_POINT_FILTERING UNITY_NO_SCREENSPACE_SHADOWS UNITY_PBS_USE_BRDF2 UNITY_PBS_USE_BRDF3 UNITY_NO_FULL_STANDARD_SHADER UNITY_HARDWARE_TIER1 UNITY_HARDWARE_TIER2 UNITY_HARDWARE_TIER3 UNITY_COLORSPACE_GAMMA UNITY_HALF_PRECISION_FRAGMENT_SHADER_REGISTERS UNITY_LIGHTMAP_DLDR_ENCODING UNITY_LIGHTMAP_RGBM_ENCODING UNITY_VIRTUAL_TEXTURING UNITY_PRETRANSFORM_TO_DISPLAY_ORIENTATION UNITY_ASTC_NORMALMAP_ENCODING SHADER_API_GLES30 UNITY_UNIFIED_SHADER_PRECISION_MODEL flags=0 lang=3 type=Fragment platform=d3d11 reqs=1 mask=6 start=897 ok=1 outsize=282

Cmd: compileSnippet
  insize=11153 file=Assets/Shaders/Vol 1/SDF/FX/Shader Graphs/Bath pass=SceneSelectionPass ppOnly=0 stripLineD=0 buildPlatform=19 rsLen=0 pKW=UNITY_ENABLE_REFLECTION_BUFFERS UNITY_USE_DITHER_MASK_FOR_ALPHABLENDED_SHADOWS UNITY_PBS_USE_BRDF1 UNITY_SPECCUBE_BOX_PROJECTION UNITY_SPECCUBE_BLENDING UNITY_ENABLE_DETAIL_NORMALMAP SHADER_API_DESKTOP UNITY_LIGHT_PROBE_PROXY_VOLUME UNITY_LIGHTMAP_FULL_HDR uKW=_AXIS_X dKW=_AXIS_Y _AXIS_Z UNITY_NO_DXT5nm UNITY_FRAMEBUFFER_FETCH_AVAILABLE UNITY_METAL_SHADOWS_USE_POINT_FILTERING UNITY_NO_SCREENSPACE_SHADOWS UNITY_PBS_USE_BRDF2 UNITY_PBS_USE_BRDF3 UNITY_NO_FULL_STANDARD_SHADER UNITY_HARDWARE_TIER1 UNITY_HARDWARE_TIER2 UNITY_HARDWARE_TIER3 UNITY_COLORSPACE_GAMMA UNITY_HALF_PRECISION_FRAGMENT_SHADER_REGISTERS UNITY_LIGHTMAP_DLDR_ENCODING UNITY_LIGHTMAP_RGBM_ENCODING UNITY_VIRTUAL_TEXTURING UNITY_PRETRANSFORM_TO_DISPLAY_ORIENTATION UNITY_ASTC_NORMALMAP_ENCODING SHADER_API_GLES30 UNITY_UNIFIED_SHADER_PRECISION_MODEL flags=0 lang=3 type=Fragment platform=d3d11 reqs=1 mask=6 start=1263 ok=1 outsize=290

Cmd: compileSnippet
  insize=12385 file=Assets/Shaders/Vol 2/Shader Graphs/ObjectSpaceMistShader pass=ShadowCaster ppOnly=0 stripLineD=0 buildPlatform=19 rsLen=0 pKW=UNITY_ENABLE_REFLECTION_BUFFERS UNITY_USE_DITHER_MASK_FOR_ALPHABLENDED_SHADOWS UNITY_PBS_USE_BRDF1 UNITY_SPECCUBE_BOX_PROJECTION UNITY_SPECCUBE_BLENDING UNITY_ENABLE_DETAIL_NORMALMAP SHADER_API_DESKTOP UNITY_LIGHT_PROBE_PROXY_VOLUME UNITY_LIGHTMAP_FULL_HDR UNITY_PASS_SHADOWCASTER uKW= dKW=DOTS_INSTANCING_ON INSTANCING_ON UNITY_NO_DXT5nm UNITY_FRAMEBUFFER_FETCH_AVAILABLE UNITY_METAL_SHADOWS_USE_POINT_FILTERING UNITY_NO_SCREENSPACE_SHADOWS UNITY_PBS_USE_BRDF2 UNITY_PBS_USE_BRDF3 UNITY_NO_FULL_STANDARD_SHADER UNITY_HARDWARE_TIER1 UNITY_HARDWARE_TIER2 UNITY_HARDWARE_TIER3 UNITY_COLORSPACE_GAMMA UNITY_HALF_PRECISION_FRAGMENT_SHADER_REGISTERS UNITY_LIGHTMAP_DLDR_ENCODING UNITY_LIGHTMAP_RGBM_ENCODING UNITY_VIRTUAL_TEXTURING UNITY_PRETRANSFORM_TO_DISPLAY_ORIENTATION UNITY_ASTC_NORMALMAP_ENCODING SHADER_API_GLES30 UNITY_UNIFIED_SHADER_PRECISION_MODEL flags=0 lang=3 type=Fragment platform=d3d11 reqs=1 mask=6 start=787  error: 1 plat 4 at 2.hlsl(166): implicit truncation of vector type
  error: 1 plat 4 at 2.hlsl(360): 'sdOrientedVesica': implicit truncation of vector type
  error: 1 plat 4 at 2.hlsl(481): implicit truncation of vector type
  error: 1 plat 4 at 2.hlsl(490): implicit truncation of vector type
  error: 1 plat 4 at 2/NoiseUtils.hlsl(77): implicit truncation of vector type
 ok=1 outsize=306

Cmd: shutdown
